---------------------------------------------------------------
[ 2019-04-25T12:06:31+08:00 ] 0.0.0.0 GET /cms/public/index.php/admin
[ info ] localhost/cms/public/index.php/admin [运行时间：0.572589s][吞吐率：1.75req/s] [内存消耗：2,197.98kb] [文件加载：66]
[ info ] [ LANG ] /Applications/MAMP/htdocs/cms/thinkphp/lang/zh-cn.php
[ info ] [ ROUTE ] array (
  'type' => 'module',
  'module' => 
  array (
    0 => 'admin',
    1 => NULL,
    2 => NULL,
  ),
)
[ info ] [ HEADER ] array (
  'host' => 'localhost',
  'user-agent' => 'Mozilla/5.0 (Macintosh; Intel Mac OS X 10.14; rv:66.0) Gecko/20100101 Firefox/66.0',
  'accept' => 'text/html,application/xhtml+xml,application/xml;q=0.9,*/*;q=0.8',
  'accept-language' => 'zh-CN,zh;q=0.8,zh-TW;q=0.7,zh-HK;q=0.5,en-US;q=0.3,en;q=0.2',
  'accept-encoding' => 'gzip, deflate',
  'connection' => 'keep-alive',
  'cookie' => 'pgv_pvi=4010070016',
  'upgrade-insecure-requests' => '1',
)
[ info ] [ PARAM ] array (
)
[ info ] [ SESSION ] INIT array (
  'id' => '',
  'var_session_id' => '',
  'prefix' => 'think',
  'type' => '',
  'auto_start' => true,
)
[ info ] [ VIEW ] /Applications/MAMP/htdocs/cms/thinkphp/tpl/dispatch_jump.tpl [ array (
  0 => 'code',
  1 => 'msg',
  2 => 'data',
  3 => 'url',
  4 => 'wait',
) ]
[ info ] [ LOG ] INIT File
---------------------------------------------------------------
[ 2019-04-25T12:06:34+08:00 ] 0.0.0.0 GET /cms/public/index.php/admin/login/index.html
[ info ] localhost/cms/public/index.php/admin/login/index.html [运行时间：0.039307s][吞吐率：25.44req/s] [内存消耗：2,199.67kb] [文件加载：65]
[ info ] [ LANG ] /Applications/MAMP/htdocs/cms/thinkphp/lang/zh-cn.php
[ info ] [ ROUTE ] array (
  'type' => 'module',
  'module' => 
  array (
    0 => 'admin',
    1 => 'login',
    2 => 'index',
  ),
)
[ info ] [ HEADER ] array (
  'host' => 'localhost',
  'user-agent' => 'Mozilla/5.0 (Macintosh; Intel Mac OS X 10.14; rv:66.0) Gecko/20100101 Firefox/66.0',
  'accept' => 'text/html,application/xhtml+xml,application/xml;q=0.9,*/*;q=0.8',
  'accept-language' => 'zh-CN,zh;q=0.8,zh-TW;q=0.7,zh-HK;q=0.5,en-US;q=0.3,en;q=0.2',
  'accept-encoding' => 'gzip, deflate',
  'referer' => 'http://localhost/cms/public/index.php/admin',
  'connection' => 'keep-alive',
  'cookie' => 'pgv_pvi=4010070016; PHPSESSID=8c22fcdcd36655dd596e0b6742ee613b',
  'upgrade-insecure-requests' => '1',
)
[ info ] [ PARAM ] array (
)
[ info ] [ RUN ] app\admin\controller\Login->index[ /Applications/MAMP/htdocs/cms/application/admin/controller/Login.php ]
[ info ] [ SESSION ] INIT array (
  'id' => '',
  'var_session_id' => '',
  'prefix' => 'think',
  'type' => '',
  'auto_start' => true,
)
[ info ] [ VIEW ] /Applications/MAMP/htdocs/cms/public/../application/admin/view/login/login.htm [ array (
) ]
[ info ] [ LOG ] INIT File
---------------------------------------------------------------
[ 2019-04-25T12:06:34+08:00 ] 0.0.0.0 GET /cms/public/index.php/captcha.html
[ info ] localhost/cms/public/index.php/captcha.html [运行时间：0.101692s][吞吐率：9.83req/s] [内存消耗：1,946.91kb] [文件加载：56]
[ info ] [ LANG ] /Applications/MAMP/htdocs/cms/thinkphp/lang/zh-cn.php
[ info ] [ ROUTE ] array (
  'type' => 'method',
  'method' => 
  array (
    0 => '\\think\\captcha\\CaptchaController',
    1 => 'index',
  ),
  'var' => 
  array (
  ),
)
[ info ] [ HEADER ] array (
  'host' => 'localhost',
  'user-agent' => 'Mozilla/5.0 (Macintosh; Intel Mac OS X 10.14; rv:66.0) Gecko/20100101 Firefox/66.0',
  'accept' => 'image/webp,*/*',
  'accept-language' => 'zh-CN,zh;q=0.8,zh-TW;q=0.7,zh-HK;q=0.5,en-US;q=0.3,en;q=0.2',
  'accept-encoding' => 'gzip, deflate',
  'referer' => 'http://localhost/cms/public/index.php/admin/login/index.html',
  'connection' => 'keep-alive',
  'cookie' => 'pgv_pvi=4010070016; PHPSESSID=8c22fcdcd36655dd596e0b6742ee613b',
)
[ info ] [ PARAM ] array (
  'id' => NULL,
)
[ info ] [ RUN ] think\captcha\CaptchaController->index[ /Applications/MAMP/htdocs/cms/vendor/topthink/think-captcha/src/CaptchaController.php ]
[ info ] [ SESSION ] INIT array (
  'id' => '',
  'var_session_id' => '',
  'prefix' => 'think',
  'type' => '',
  'auto_start' => true,
)
[ info ] [ LOG ] INIT File
---------------------------------------------------------------
[ 2019-04-25T12:12:26+08:00 ] 0.0.0.0 GET /cms/public/index.php/install/index/step1.html
[ info ] localhost/cms/public/index.php/install/index/step1.html [运行时间：0.042192s][吞吐率：23.70req/s] [内存消耗：2,157.98kb] [文件加载：65]
[ info ] [ LANG ] /Applications/MAMP/htdocs/cms/thinkphp/lang/zh-cn.php
[ info ] [ ROUTE ] array (
  'type' => 'module',
  'module' => 
  array (
    0 => 'install',
    1 => 'index',
    2 => 'step1',
  ),
)
[ info ] [ HEADER ] array (
  'host' => 'localhost',
  'user-agent' => 'Mozilla/5.0 (Macintosh; Intel Mac OS X 10.14; rv:66.0) Gecko/20100101 Firefox/66.0',
  'accept' => 'text/html,application/xhtml+xml,application/xml;q=0.9,*/*;q=0.8',
  'accept-language' => 'zh-CN,zh;q=0.8,zh-TW;q=0.7,zh-HK;q=0.5,en-US;q=0.3,en;q=0.2',
  'accept-encoding' => 'gzip, deflate',
  'connection' => 'keep-alive',
  'cookie' => 'pgv_pvi=4010070016; PHPSESSID=8c22fcdcd36655dd596e0b6742ee613b',
  'upgrade-insecure-requests' => '1',
)
[ info ] [ PARAM ] array (
)
[ info ] [ RUN ] app\install\controller\Index->step1[ /Applications/MAMP/htdocs/cms/application/install/controller/Index.php ]
[ info ] [ SESSION ] INIT array (
  'id' => '',
  'var_session_id' => '',
  'prefix' => 'think',
  'type' => '',
  'auto_start' => true,
)
[ info ] [ VIEW ] /Applications/MAMP/htdocs/cms/public/../application/install/view/index/step1.htm [ array (
  0 => 'envArr',
) ]
[ info ] [ LOG ] INIT File
---------------------------------------------------------------
[ 2019-04-25T12:12:30+08:00 ] 0.0.0.0 GET /cms/public/index.php/install/index/step1.html
[ info ] localhost/cms/public/index.php/install/index/step1.html [运行时间：0.033940s][吞吐率：29.46req/s] [内存消耗：2,159.89kb] [文件加载：65]
[ info ] [ LANG ] /Applications/MAMP/htdocs/cms/thinkphp/lang/zh-cn.php
[ info ] [ ROUTE ] array (
  'type' => 'module',
  'module' => 
  array (
    0 => 'install',
    1 => 'index',
    2 => 'step1',
  ),
)
[ info ] [ HEADER ] array (
  'host' => 'localhost',
  'user-agent' => 'Mozilla/5.0 (Macintosh; Intel Mac OS X 10.14; rv:66.0) Gecko/20100101 Firefox/66.0',
  'accept' => 'text/html,application/xhtml+xml,application/xml;q=0.9,*/*;q=0.8',
  'accept-language' => 'zh-CN,zh;q=0.8,zh-TW;q=0.7,zh-HK;q=0.5,en-US;q=0.3,en;q=0.2',
  'accept-encoding' => 'gzip, deflate',
  'connection' => 'keep-alive',
  'cookie' => 'pgv_pvi=4010070016; PHPSESSID=8c22fcdcd36655dd596e0b6742ee613b',
  'upgrade-insecure-requests' => '1',
  'cache-control' => 'max-age=0',
)
[ info ] [ PARAM ] array (
)
[ info ] [ RUN ] app\install\controller\Index->step1[ /Applications/MAMP/htdocs/cms/application/install/controller/Index.php ]
[ info ] [ SESSION ] INIT array (
  'id' => '',
  'var_session_id' => '',
  'prefix' => 'think',
  'type' => '',
  'auto_start' => true,
)
[ info ] [ VIEW ] /Applications/MAMP/htdocs/cms/public/../application/install/view/index/step1.htm [ array (
  0 => 'envArr',
) ]
[ info ] [ LOG ] INIT File
---------------------------------------------------------------
[ 2019-04-25T12:12:53+08:00 ] 0.0.0.0 GET /cms/public/index.php/install/index/step1.html
[ info ] localhost/cms/public/index.php/install/index/step1.html [运行时间：0.107561s][吞吐率：9.30req/s] [内存消耗：2,672.89kb] [文件加载：77]
[ info ] [ LANG ] /Applications/MAMP/htdocs/cms/thinkphp/lang/zh-cn.php
[ info ] [ ROUTE ] array (
  'type' => 'module',
  'module' => 
  array (
    0 => 'install',
    1 => 'index',
    2 => 'step1',
  ),
)
[ info ] [ HEADER ] array (
  'host' => 'localhost',
  'user-agent' => 'Mozilla/5.0 (Macintosh; Intel Mac OS X 10.14; rv:66.0) Gecko/20100101 Firefox/66.0',
  'accept' => 'text/html,application/xhtml+xml,application/xml;q=0.9,*/*;q=0.8',
  'accept-language' => 'zh-CN,zh;q=0.8,zh-TW;q=0.7,zh-HK;q=0.5,en-US;q=0.3,en;q=0.2',
  'accept-encoding' => 'gzip, deflate',
  'connection' => 'keep-alive',
  'cookie' => 'pgv_pvi=4010070016; PHPSESSID=8c22fcdcd36655dd596e0b6742ee613b',
  'upgrade-insecure-requests' => '1',
  'cache-control' => 'max-age=0',
)
[ info ] [ PARAM ] array (
)
[ info ] [ RUN ] app\install\controller\Index->step1[ /Applications/MAMP/htdocs/cms/application/install/controller/Index.php ]
[ info ] [ SESSION ] INIT array (
  'id' => '',
  'var_session_id' => '',
  'prefix' => 'think',
  'type' => '',
  'auto_start' => true,
)
[ info ] [ VIEW ] /Applications/MAMP/htdocs/cms/public/../application/install/view/index/step1.htm [ array (
  0 => 'envArr',
) ]
[ info ] [ LOG ] INIT File
---------------------------------------------------------------
[ 2019-04-25T12:21:16+08:00 ] 0.0.0.0 GET /cms/public/index.php/install/index/step1.html
[ info ] localhost/cms/public/index.php/install/index/step1.html [运行时间：0.046317s][吞吐率：21.59req/s] [内存消耗：2,310.80kb] [文件加载：67]
[ info ] [ LANG ] /Applications/MAMP/htdocs/cms/thinkphp/lang/zh-cn.php
[ info ] [ ROUTE ] array (
  'type' => 'module',
  'module' => 
  array (
    0 => 'install',
    1 => 'index',
    2 => 'step1',
  ),
)
[ info ] [ HEADER ] array (
  'host' => 'localhost',
  'user-agent' => 'Mozilla/5.0 (Macintosh; Intel Mac OS X 10.14; rv:66.0) Gecko/20100101 Firefox/66.0',
  'accept' => 'text/html,application/xhtml+xml,application/xml;q=0.9,*/*;q=0.8',
  'accept-language' => 'zh-CN,zh;q=0.8,zh-TW;q=0.7,zh-HK;q=0.5,en-US;q=0.3,en;q=0.2',
  'accept-encoding' => 'gzip, deflate',
  'connection' => 'keep-alive',
  'cookie' => 'pgv_pvi=4010070016; PHPSESSID=8c22fcdcd36655dd596e0b6742ee613b',
  'upgrade-insecure-requests' => '1',
  'cache-control' => 'max-age=0',
)
[ info ] [ PARAM ] array (
)
[ info ] [ RUN ] app\install\controller\Index->step1[ /Applications/MAMP/htdocs/cms/application/install/controller/Index.php ]
[ info ] [ SESSION ] INIT array (
  'id' => '',
  'var_session_id' => '',
  'prefix' => 'think',
  'type' => '',
  'auto_start' => true,
)
[ info ] [ VIEW ] /Applications/MAMP/htdocs/cms/public/../application/install/view/index/step1.htm [ array (
  0 => 'envArr',
  1 => 'funArr',
) ]
[ info ] [ LOG ] INIT File
---------------------------------------------------------------
[ 2019-04-25T12:21:51+08:00 ] 0.0.0.0 GET /cms/public/index.php/install/index/step1.html
[ info ] localhost/cms/public/index.php/install/index/step1.html [运行时间：0.037857s][吞吐率：26.42req/s] [内存消耗：2,310.62kb] [文件加载：67]
[ info ] [ LANG ] /Applications/MAMP/htdocs/cms/thinkphp/lang/zh-cn.php
[ info ] [ ROUTE ] array (
  'type' => 'module',
  'module' => 
  array (
    0 => 'install',
    1 => 'index',
    2 => 'step1',
  ),
)
[ info ] [ HEADER ] array (
  'host' => 'localhost',
  'user-agent' => 'Mozilla/5.0 (Macintosh; Intel Mac OS X 10.14; rv:66.0) Gecko/20100101 Firefox/66.0',
  'accept' => 'text/html,application/xhtml+xml,application/xml;q=0.9,*/*;q=0.8',
  'accept-language' => 'zh-CN,zh;q=0.8,zh-TW;q=0.7,zh-HK;q=0.5,en-US;q=0.3,en;q=0.2',
  'accept-encoding' => 'gzip, deflate',
  'connection' => 'keep-alive',
  'cookie' => 'pgv_pvi=4010070016; PHPSESSID=8c22fcdcd36655dd596e0b6742ee613b',
  'upgrade-insecure-requests' => '1',
  'cache-control' => 'max-age=0',
)
[ info ] [ PARAM ] array (
)
[ info ] [ RUN ] app\install\controller\Index->step1[ /Applications/MAMP/htdocs/cms/application/install/controller/Index.php ]
[ info ] [ SESSION ] INIT array (
  'id' => '',
  'var_session_id' => '',
  'prefix' => 'think',
  'type' => '',
  'auto_start' => true,
)
[ info ] [ VIEW ] /Applications/MAMP/htdocs/cms/public/../application/install/view/index/step1.htm [ array (
  0 => 'envArr',
  1 => 'funArr',
) ]
[ info ] [ LOG ] INIT File
---------------------------------------------------------------
[ 2019-04-25T12:22:06+08:00 ] 0.0.0.0 GET /cms/public/index.php/install/index/step1.html
[ info ] localhost/cms/public/index.php/install/index/step1.html [运行时间：0.038766s][吞吐率：25.80req/s] [内存消耗：2,568.52kb] [文件加载：74]
[ info ] [ LANG ] /Applications/MAMP/htdocs/cms/thinkphp/lang/zh-cn.php
[ info ] [ ROUTE ] array (
  'type' => 'module',
  'module' => 
  array (
    0 => 'install',
    1 => 'index',
    2 => 'step1',
  ),
)
[ info ] [ HEADER ] array (
  'host' => 'localhost',
  'user-agent' => 'Mozilla/5.0 (Macintosh; Intel Mac OS X 10.14; rv:66.0) Gecko/20100101 Firefox/66.0',
  'accept' => 'text/html,application/xhtml+xml,application/xml;q=0.9,*/*;q=0.8',
  'accept-language' => 'zh-CN,zh;q=0.8,zh-TW;q=0.7,zh-HK;q=0.5,en-US;q=0.3,en;q=0.2',
  'accept-encoding' => 'gzip, deflate',
  'connection' => 'keep-alive',
  'cookie' => 'pgv_pvi=4010070016; PHPSESSID=8c22fcdcd36655dd596e0b6742ee613b',
  'upgrade-insecure-requests' => '1',
  'cache-control' => 'max-age=0',
)
[ info ] [ PARAM ] array (
)
[ info ] [ RUN ] app\install\controller\Index->step1[ /Applications/MAMP/htdocs/cms/application/install/controller/Index.php ]
[ info ] [ SESSION ] INIT array (
  'id' => '',
  'var_session_id' => '',
  'prefix' => 'think',
  'type' => '',
  'auto_start' => true,
)
[ info ] [ LOG ] INIT File
---------------------------------------------------------------
[ 2019-04-25T12:22:22+08:00 ] 0.0.0.0 GET /cms/public/index.php/install/index/step1.html
[ info ] localhost/cms/public/index.php/install/index/step1.html [运行时间：0.040347s][吞吐率：24.79req/s] [内存消耗：2,588.88kb] [文件加载：74]
[ info ] [ LANG ] /Applications/MAMP/htdocs/cms/thinkphp/lang/zh-cn.php
[ info ] [ ROUTE ] array (
  'type' => 'module',
  'module' => 
  array (
    0 => 'install',
    1 => 'index',
    2 => 'step1',
  ),
)
[ info ] [ HEADER ] array (
  'host' => 'localhost',
  'user-agent' => 'Mozilla/5.0 (Macintosh; Intel Mac OS X 10.14; rv:66.0) Gecko/20100101 Firefox/66.0',
  'accept' => 'text/html,application/xhtml+xml,application/xml;q=0.9,*/*;q=0.8',
  'accept-language' => 'zh-CN,zh;q=0.8,zh-TW;q=0.7,zh-HK;q=0.5,en-US;q=0.3,en;q=0.2',
  'accept-encoding' => 'gzip, deflate',
  'connection' => 'keep-alive',
  'cookie' => 'pgv_pvi=4010070016; PHPSESSID=8c22fcdcd36655dd596e0b6742ee613b',
  'upgrade-insecure-requests' => '1',
  'cache-control' => 'max-age=0',
)
[ info ] [ PARAM ] array (
)
[ info ] [ RUN ] app\install\controller\Index->step1[ /Applications/MAMP/htdocs/cms/application/install/controller/Index.php ]
[ info ] [ SESSION ] INIT array (
  'id' => '',
  'var_session_id' => '',
  'prefix' => 'think',
  'type' => '',
  'auto_start' => true,
)
[ info ] [ LOG ] INIT File
---------------------------------------------------------------
[ 2019-04-25T12:22:30+08:00 ] 0.0.0.0 GET /cms/public/index.php/install/index/step1.html
[ info ] localhost/cms/public/index.php/install/index/step1.html [运行时间：0.033421s][吞吐率：29.92req/s] [内存消耗：2,164.92kb] [文件加载：65]
[ info ] [ LANG ] /Applications/MAMP/htdocs/cms/thinkphp/lang/zh-cn.php
[ info ] [ ROUTE ] array (
  'type' => 'module',
  'module' => 
  array (
    0 => 'install',
    1 => 'index',
    2 => 'step1',
  ),
)
[ info ] [ HEADER ] array (
  'host' => 'localhost',
  'user-agent' => 'Mozilla/5.0 (Macintosh; Intel Mac OS X 10.14; rv:66.0) Gecko/20100101 Firefox/66.0',
  'accept' => 'text/html,application/xhtml+xml,application/xml;q=0.9,*/*;q=0.8',
  'accept-language' => 'zh-CN,zh;q=0.8,zh-TW;q=0.7,zh-HK;q=0.5,en-US;q=0.3,en;q=0.2',
  'accept-encoding' => 'gzip, deflate',
  'connection' => 'keep-alive',
  'cookie' => 'pgv_pvi=4010070016; PHPSESSID=8c22fcdcd36655dd596e0b6742ee613b',
  'upgrade-insecure-requests' => '1',
  'cache-control' => 'max-age=0',
)
[ info ] [ PARAM ] array (
)
[ info ] [ RUN ] app\install\controller\Index->step1[ /Applications/MAMP/htdocs/cms/application/install/controller/Index.php ]
[ info ] [ SESSION ] INIT array (
  'id' => '',
  'var_session_id' => '',
  'prefix' => 'think',
  'type' => '',
  'auto_start' => true,
)
[ info ] [ VIEW ] /Applications/MAMP/htdocs/cms/public/../application/install/view/index/step1.htm [ array (
  0 => 'envArr',
  1 => 'funArr',
) ]
[ info ] [ LOG ] INIT File
---------------------------------------------------------------
[ 2019-04-25T12:22:45+08:00 ] 0.0.0.0 GET /cms/public/index.php/install/index/step1.html
[ info ] localhost/cms/public/index.php/install/index/step1.html [运行时间：0.046241s][吞吐率：21.63req/s] [内存消耗：2,356.29kb] [文件加载：71]
[ info ] [ LANG ] /Applications/MAMP/htdocs/cms/thinkphp/lang/zh-cn.php
[ info ] [ ROUTE ] array (
  'type' => 'module',
  'module' => 
  array (
    0 => 'install',
    1 => 'index',
    2 => 'step1',
  ),
)
[ info ] [ HEADER ] array (
  'host' => 'localhost',
  'user-agent' => 'Mozilla/5.0 (Macintosh; Intel Mac OS X 10.14; rv:66.0) Gecko/20100101 Firefox/66.0',
  'accept' => 'text/html,application/xhtml+xml,application/xml;q=0.9,*/*;q=0.8',
  'accept-language' => 'zh-CN,zh;q=0.8,zh-TW;q=0.7,zh-HK;q=0.5,en-US;q=0.3,en;q=0.2',
  'accept-encoding' => 'gzip, deflate',
  'connection' => 'keep-alive',
  'cookie' => 'pgv_pvi=4010070016; PHPSESSID=8c22fcdcd36655dd596e0b6742ee613b',
  'upgrade-insecure-requests' => '1',
  'cache-control' => 'max-age=0',
)
[ info ] [ PARAM ] array (
)
[ info ] [ RUN ] app\install\controller\Index->step1[ /Applications/MAMP/htdocs/cms/application/install/controller/Index.php ]
[ info ] [ SESSION ] INIT array (
  'id' => '',
  'var_session_id' => '',
  'prefix' => 'think',
  'type' => '',
  'auto_start' => true,
)
[ info ] [ VIEW ] /Applications/MAMP/htdocs/cms/public/../application/install/view/index/step1.htm [ array (
  0 => 'envArr',
  1 => 'funArr',
) ]
[ info ] [ LOG ] INIT File
[ error ] [8]未定义变量: index[/Applications/MAMP/htdocs/cms/runtime/temp/e4d2420564c018b986949af7b13c3a1e.php:124]
---------------------------------------------------------------
[ 2019-04-25T12:24:29+08:00 ] 0.0.0.0 GET /cms/public/index.php/install/index/step1.html
[ info ] localhost/cms/public/index.php/install/index/step1.html [运行时间：0.042533s][吞吐率：23.51req/s] [内存消耗：2,311.37kb] [文件加载：67]
[ info ] [ LANG ] /Applications/MAMP/htdocs/cms/thinkphp/lang/zh-cn.php
[ info ] [ ROUTE ] array (
  'type' => 'module',
  'module' => 
  array (
    0 => 'install',
    1 => 'index',
    2 => 'step1',
  ),
)
[ info ] [ HEADER ] array (
  'host' => 'localhost',
  'user-agent' => 'Mozilla/5.0 (Macintosh; Intel Mac OS X 10.14; rv:66.0) Gecko/20100101 Firefox/66.0',
  'accept' => 'text/html,application/xhtml+xml,application/xml;q=0.9,*/*;q=0.8',
  'accept-language' => 'zh-CN,zh;q=0.8,zh-TW;q=0.7,zh-HK;q=0.5,en-US;q=0.3,en;q=0.2',
  'accept-encoding' => 'gzip, deflate',
  'connection' => 'keep-alive',
  'cookie' => 'pgv_pvi=4010070016; PHPSESSID=8c22fcdcd36655dd596e0b6742ee613b',
  'upgrade-insecure-requests' => '1',
  'cache-control' => 'max-age=0',
)
[ info ] [ PARAM ] array (
)
[ info ] [ RUN ] app\install\controller\Index->step1[ /Applications/MAMP/htdocs/cms/application/install/controller/Index.php ]
[ info ] [ SESSION ] INIT array (
  'id' => '',
  'var_session_id' => '',
  'prefix' => 'think',
  'type' => '',
  'auto_start' => true,
)
[ info ] [ VIEW ] /Applications/MAMP/htdocs/cms/public/../application/install/view/index/step1.htm [ array (
  0 => 'envArr',
  1 => 'funArr',
) ]
[ info ] [ LOG ] INIT File
---------------------------------------------------------------
[ 2019-04-25T12:26:14+08:00 ] 0.0.0.0 GET /cms/public/index.php/install/index/step1.html
[ info ] localhost/cms/public/index.php/install/index/step1.html [运行时间：0.036871s][吞吐率：27.12req/s] [内存消耗：2,313.24kb] [文件加载：67]
[ info ] [ LANG ] /Applications/MAMP/htdocs/cms/thinkphp/lang/zh-cn.php
[ info ] [ ROUTE ] array (
  'type' => 'module',
  'module' => 
  array (
    0 => 'install',
    1 => 'index',
    2 => 'step1',
  ),
)
[ info ] [ HEADER ] array (
  'host' => 'localhost',
  'user-agent' => 'Mozilla/5.0 (Macintosh; Intel Mac OS X 10.14; rv:66.0) Gecko/20100101 Firefox/66.0',
  'accept' => 'text/html,application/xhtml+xml,application/xml;q=0.9,*/*;q=0.8',
  'accept-language' => 'zh-CN,zh;q=0.8,zh-TW;q=0.7,zh-HK;q=0.5,en-US;q=0.3,en;q=0.2',
  'accept-encoding' => 'gzip, deflate',
  'connection' => 'keep-alive',
  'cookie' => 'pgv_pvi=4010070016; PHPSESSID=8c22fcdcd36655dd596e0b6742ee613b',
  'upgrade-insecure-requests' => '1',
  'cache-control' => 'max-age=0',
)
[ info ] [ PARAM ] array (
)
[ info ] [ RUN ] app\install\controller\Index->step1[ /Applications/MAMP/htdocs/cms/application/install/controller/Index.php ]
[ info ] [ SESSION ] INIT array (
  'id' => '',
  'var_session_id' => '',
  'prefix' => 'think',
  'type' => '',
  'auto_start' => true,
)
[ info ] [ VIEW ] /Applications/MAMP/htdocs/cms/public/../application/install/view/index/step1.htm [ array (
  0 => 'envArr',
  1 => 'funArr',
) ]
[ info ] [ LOG ] INIT File
---------------------------------------------------------------
[ 2019-04-25T12:27:07+08:00 ] 0.0.0.0 GET /cms/public/index.php/install/index/step1.html
[ info ] localhost/cms/public/index.php/install/index/step1.html [运行时间：0.033191s][吞吐率：30.13req/s] [内存消耗：2,165.01kb] [文件加载：65]
[ info ] [ LANG ] /Applications/MAMP/htdocs/cms/thinkphp/lang/zh-cn.php
[ info ] [ ROUTE ] array (
  'type' => 'module',
  'module' => 
  array (
    0 => 'install',
    1 => 'index',
    2 => 'step1',
  ),
)
[ info ] [ HEADER ] array (
  'host' => 'localhost',
  'user-agent' => 'Mozilla/5.0 (Macintosh; Intel Mac OS X 10.14; rv:66.0) Gecko/20100101 Firefox/66.0',
  'accept' => 'text/html,application/xhtml+xml,application/xml;q=0.9,*/*;q=0.8',
  'accept-language' => 'zh-CN,zh;q=0.8,zh-TW;q=0.7,zh-HK;q=0.5,en-US;q=0.3,en;q=0.2',
  'accept-encoding' => 'gzip, deflate',
  'connection' => 'keep-alive',
  'cookie' => 'pgv_pvi=4010070016; PHPSESSID=8c22fcdcd36655dd596e0b6742ee613b',
  'upgrade-insecure-requests' => '1',
  'cache-control' => 'max-age=0',
)
[ info ] [ PARAM ] array (
)
[ info ] [ RUN ] app\install\controller\Index->step1[ /Applications/MAMP/htdocs/cms/application/install/controller/Index.php ]
[ info ] [ SESSION ] INIT array (
  'id' => '',
  'var_session_id' => '',
  'prefix' => 'think',
  'type' => '',
  'auto_start' => true,
)
[ info ] [ VIEW ] /Applications/MAMP/htdocs/cms/public/../application/install/view/index/step1.htm [ array (
  0 => 'envArr',
  1 => 'funArr',
) ]
[ info ] [ LOG ] INIT File
