---------------------------------------------------------------
[ 2019-04-26T12:31:04+08:00 ] 0.0.0.0 GET /cms/public/index.php/admin
[ info ] localhost/cms/public/index.php/admin [运行时间：0.244589s][吞吐率：4.09req/s] [内存消耗：2,197.98kb] [文件加载：66]
[ info ] [ LANG ] /Applications/MAMP/htdocs/cms/thinkphp/lang/zh-cn.php
[ info ] [ ROUTE ] array (
  'type' => 'module',
  'module' => 
  array (
    0 => 'admin',
    1 => NULL,
    2 => NULL,
  ),
)
[ info ] [ HEADER ] array (
  'host' => 'localhost',
  'user-agent' => 'Mozilla/5.0 (Macintosh; Intel Mac OS X 10.14; rv:66.0) Gecko/20100101 Firefox/66.0',
  'accept' => 'text/html,application/xhtml+xml,application/xml;q=0.9,*/*;q=0.8',
  'accept-language' => 'zh-CN,zh;q=0.8,zh-TW;q=0.7,zh-HK;q=0.5,en-US;q=0.3,en;q=0.2',
  'accept-encoding' => 'gzip, deflate',
  'connection' => 'keep-alive',
  'cookie' => 'pgv_pvi=4010070016',
  'upgrade-insecure-requests' => '1',
)
[ info ] [ PARAM ] array (
)
[ info ] [ SESSION ] INIT array (
  'id' => '',
  'var_session_id' => '',
  'prefix' => 'think',
  'type' => '',
  'auto_start' => true,
)
[ info ] [ VIEW ] /Applications/MAMP/htdocs/cms/thinkphp/tpl/dispatch_jump.tpl [ array (
  0 => 'code',
  1 => 'msg',
  2 => 'data',
  3 => 'url',
  4 => 'wait',
) ]
[ info ] [ LOG ] INIT File
---------------------------------------------------------------
[ 2019-04-26T12:31:06+08:00 ] 0.0.0.0 GET /cms/public/index.php/admin/login/index.html
[ info ] localhost/cms/public/index.php/admin/login/index.html [运行时间：0.179103s][吞吐率：5.58req/s] [内存消耗：2,199.52kb] [文件加载：65]
[ info ] [ LANG ] /Applications/MAMP/htdocs/cms/thinkphp/lang/zh-cn.php
[ info ] [ ROUTE ] array (
  'type' => 'module',
  'module' => 
  array (
    0 => 'admin',
    1 => 'login',
    2 => 'index',
  ),
)
[ info ] [ HEADER ] array (
  'host' => 'localhost',
  'user-agent' => 'Mozilla/5.0 (Macintosh; Intel Mac OS X 10.14; rv:66.0) Gecko/20100101 Firefox/66.0',
  'accept' => 'text/html,application/xhtml+xml,application/xml;q=0.9,*/*;q=0.8',
  'accept-language' => 'zh-CN,zh;q=0.8,zh-TW;q=0.7,zh-HK;q=0.5,en-US;q=0.3,en;q=0.2',
  'accept-encoding' => 'gzip, deflate',
  'referer' => 'http://localhost/cms/public/index.php/admin',
  'connection' => 'keep-alive',
  'cookie' => 'pgv_pvi=4010070016; PHPSESSID=f517e5c6b696a9242ad08756e103c90c',
  'upgrade-insecure-requests' => '1',
)
[ info ] [ PARAM ] array (
)
[ info ] [ RUN ] app\admin\controller\Login->index[ /Applications/MAMP/htdocs/cms/application/admin/controller/Login.php ]
[ info ] [ SESSION ] INIT array (
  'id' => '',
  'var_session_id' => '',
  'prefix' => 'think',
  'type' => '',
  'auto_start' => true,
)
[ info ] [ VIEW ] /Applications/MAMP/htdocs/cms/public/../application/admin/view/login/login.htm [ array (
) ]
[ info ] [ LOG ] INIT File
---------------------------------------------------------------
[ 2019-04-26T12:31:06+08:00 ] 0.0.0.0 GET /cms/public/index.php/captcha.html
[ info ] localhost/cms/public/index.php/captcha.html [运行时间：0.141041s][吞吐率：7.09req/s] [内存消耗：1,945.51kb] [文件加载：56]
[ info ] [ LANG ] /Applications/MAMP/htdocs/cms/thinkphp/lang/zh-cn.php
[ info ] [ ROUTE ] array (
  'type' => 'method',
  'method' => 
  array (
    0 => '\\think\\captcha\\CaptchaController',
    1 => 'index',
  ),
  'var' => 
  array (
  ),
)
[ info ] [ HEADER ] array (
  'host' => 'localhost',
  'user-agent' => 'Mozilla/5.0 (Macintosh; Intel Mac OS X 10.14; rv:66.0) Gecko/20100101 Firefox/66.0',
  'accept' => 'image/webp,*/*',
  'accept-language' => 'zh-CN,zh;q=0.8,zh-TW;q=0.7,zh-HK;q=0.5,en-US;q=0.3,en;q=0.2',
  'accept-encoding' => 'gzip, deflate',
  'referer' => 'http://localhost/cms/public/index.php/admin/login/index.html',
  'connection' => 'keep-alive',
  'cookie' => 'pgv_pvi=4010070016; PHPSESSID=f517e5c6b696a9242ad08756e103c90c',
)
[ info ] [ PARAM ] array (
  'id' => NULL,
)
[ info ] [ RUN ] think\captcha\CaptchaController->index[ /Applications/MAMP/htdocs/cms/vendor/topthink/think-captcha/src/CaptchaController.php ]
[ info ] [ SESSION ] INIT array (
  'id' => '',
  'var_session_id' => '',
  'prefix' => 'think',
  'type' => '',
  'auto_start' => true,
)
[ info ] [ LOG ] INIT File
---------------------------------------------------------------
[ 2019-04-26T12:31:08+08:00 ] 0.0.0.0 POST /cms/public/index.php/admin/login/index.html
[ info ] localhost/cms/public/index.php/admin/login/index.html [运行时间：0.115407s][吞吐率：8.66req/s] [内存消耗：3,228.70kb] [文件加载：75]
[ info ] [ LANG ] /Applications/MAMP/htdocs/cms/thinkphp/lang/zh-cn.php
[ info ] [ ROUTE ] array (
  'type' => 'module',
  'module' => 
  array (
    0 => 'admin',
    1 => 'login',
    2 => 'index',
  ),
)
[ info ] [ HEADER ] array (
  'host' => 'localhost',
  'user-agent' => 'Mozilla/5.0 (Macintosh; Intel Mac OS X 10.14; rv:66.0) Gecko/20100101 Firefox/66.0',
  'accept' => 'text/html,application/xhtml+xml,application/xml;q=0.9,*/*;q=0.8',
  'accept-language' => 'zh-CN,zh;q=0.8,zh-TW;q=0.7,zh-HK;q=0.5,en-US;q=0.3,en;q=0.2',
  'accept-encoding' => 'gzip, deflate',
  'referer' => 'http://localhost/cms/public/index.php/admin/login/index.html',
  'content-type' => 'application/x-www-form-urlencoded',
  'content-length' => '35',
  'connection' => 'keep-alive',
  'cookie' => 'pgv_pvi=4010070016; PHPSESSID=f517e5c6b696a9242ad08756e103c90c',
  'upgrade-insecure-requests' => '1',
)
[ info ] [ PARAM ] array (
  'uname' => 'admin',
  'password' => 'admin',
  'code' => '475',
)
[ info ] [ RUN ] app\admin\controller\Login->index[ /Applications/MAMP/htdocs/cms/application/admin/controller/Login.php ]
[ info ] [ SESSION ] INIT array (
  'id' => '',
  'var_session_id' => '',
  'prefix' => 'think',
  'type' => '',
  'auto_start' => true,
)
[ info ] [ DB ] INIT mysql
[ info ] [ VIEW ] /Applications/MAMP/htdocs/cms/thinkphp/tpl/dispatch_jump.tpl [ array (
  0 => 'code',
  1 => 'msg',
  2 => 'data',
  3 => 'url',
  4 => 'wait',
) ]
[ info ] [ LOG ] INIT File
[ sql ] [ DB ] CONNECT:[ UseTime:0.000726s ] mysql:host=127.0.0.1;dbname=cms;charset=utf8
[ sql ] [ SQL ] SHOW COLUMNS FROM `tp_admin` [ RunTime:0.049408s ]
[ sql ] [ SQL ] SELECT * FROM `tp_admin` WHERE  `uname` = 'admin' LIMIT 1 [ RunTime:0.001543s ]
---------------------------------------------------------------
[ 2019-04-26T12:31:12+08:00 ] 0.0.0.0 GET /cms/public/index.php/admin/index/index.html
[ info ] localhost/cms/public/index.php/admin/index/index.html [运行时间：0.156617s][吞吐率：6.39req/s] [内存消耗：3,044.26kb] [文件加载：74]
[ info ] [ LANG ] /Applications/MAMP/htdocs/cms/thinkphp/lang/zh-cn.php
[ info ] [ ROUTE ] array (
  'type' => 'module',
  'module' => 
  array (
    0 => 'admin',
    1 => 'index',
    2 => 'index',
  ),
)
[ info ] [ HEADER ] array (
  'host' => 'localhost',
  'user-agent' => 'Mozilla/5.0 (Macintosh; Intel Mac OS X 10.14; rv:66.0) Gecko/20100101 Firefox/66.0',
  'accept' => 'text/html,application/xhtml+xml,application/xml;q=0.9,*/*;q=0.8',
  'accept-language' => 'zh-CN,zh;q=0.8,zh-TW;q=0.7,zh-HK;q=0.5,en-US;q=0.3,en;q=0.2',
  'accept-encoding' => 'gzip, deflate',
  'referer' => 'http://localhost/cms/public/index.php/admin/login/index.html',
  'connection' => 'keep-alive',
  'cookie' => 'pgv_pvi=4010070016; PHPSESSID=f517e5c6b696a9242ad08756e103c90c',
  'upgrade-insecure-requests' => '1',
)
[ info ] [ PARAM ] array (
)
[ info ] [ SESSION ] INIT array (
  'id' => '',
  'var_session_id' => '',
  'prefix' => 'think',
  'type' => '',
  'auto_start' => true,
)
[ info ] [ DB ] INIT mysql
[ info ] [ RUN ] app\admin\controller\Index->index[ /Applications/MAMP/htdocs/cms/application/admin/controller/Index.php ]
[ info ] [ VIEW ] /Applications/MAMP/htdocs/cms/public/../application/admin/view/index/index.htm [ array (
  0 => 'con',
  1 => 'menuRes',
  2 => 'name',
) ]
[ info ] [ LOG ] INIT File
[ sql ] [ DB ] CONNECT:[ UseTime:0.000567s ] mysql:host=127.0.0.1;dbname=cms;charset=utf8
[ sql ] [ SQL ] SHOW COLUMNS FROM `tp_conf` [ RunTime:0.003128s ]
[ sql ] [ SQL ] SELECT `ename`,`value` FROM `tp_conf` [ RunTime:0.001565s ]
[ sql ] [ SQL ] SHOW COLUMNS FROM `tp_auth_group_access` [ RunTime:0.003147s ]
[ sql ] [ SQL ] SELECT `auth_group_access`.`uid`,`auth_group_access`.`group_id`,`auth_group`.`title`,`auth_group`.`rules` FROM `tp_auth_group_access` `auth_group_access` INNER JOIN `tp_auth_group` `auth_group` ON `auth_group_access`.`group_id`=`auth_group`.`id` WHERE  `status` = 1  AND `auth_group_access`.`uid` = 1 [ RunTime:0.004530s ]
[ sql ] [ SQL ] SHOW COLUMNS FROM `tp_auth_rule` [ RunTime:0.003231s ]
[ sql ] [ SQL ] SELECT * FROM `tp_auth_rule` WHERE  `pid` = 0  AND `id` IN (4,5,7,11,12,13,22,23,14,15,16,17,18,19,20,21)  AND `show` = 1 [ RunTime:0.001898s ]
[ sql ] [ SQL ] SELECT * FROM `tp_auth_rule` WHERE  `id` IN (4,5,7,11,12,13,22,23,14,15,16,17,18,19,20,21)  AND `show` = 1  AND `pid` = 4 [ RunTime:0.000838s ]
[ sql ] [ SQL ] SELECT * FROM `tp_auth_rule` WHERE  `id` IN (4,5,7,11,12,13,22,23,14,15,16,17,18,19,20,21)  AND `show` = 1  AND `pid` = 11 [ RunTime:0.000717s ]
[ sql ] [ SQL ] SELECT * FROM `tp_auth_rule` WHERE  `id` IN (4,5,7,11,12,13,22,23,14,15,16,17,18,19,20,21)  AND `show` = 1  AND `pid` = 14 [ RunTime:0.000701s ]
[ sql ] [ SQL ] SELECT * FROM `tp_auth_rule` WHERE  `id` IN (4,5,7,11,12,13,22,23,14,15,16,17,18,19,20,21)  AND `show` = 1  AND `pid` = 19 [ RunTime:0.000661s ]
---------------------------------------------------------------
[ 2019-04-26T12:31:12+08:00 ] 0.0.0.0 GET /cms/public/static/admin/fonts/fontawesome-webfont.woff2?v=4.3.0
[ info ] localhost/cms/public/static/admin/fonts/fontawesome-webfont.woff2?v=4.3.0 [运行时间：0.052488s][吞吐率：19.05req/s] [内存消耗：1,929.41kb] [文件加载：57]
[ info ] [ LANG ] /Applications/MAMP/htdocs/cms/thinkphp/lang/zh-cn.php
[ info ] [ ROUTE ] array (
  'type' => 'module',
  'module' => 
  array (
    0 => 'static',
    1 => 'admin',
    2 => 'fonts',
  ),
)
[ info ] [ HEADER ] array (
  'host' => 'localhost',
  'user-agent' => 'Mozilla/5.0 (Macintosh; Intel Mac OS X 10.14; rv:66.0) Gecko/20100101 Firefox/66.0',
  'accept' => 'application/font-woff2;q=1.0,application/font-woff;q=0.9,*/*;q=0.8',
  'accept-language' => 'zh-CN,zh;q=0.8,zh-TW;q=0.7,zh-HK;q=0.5,en-US;q=0.3,en;q=0.2',
  'accept-encoding' => 'identity',
  'referer' => 'http://localhost/cms/public/static/admin/style/font-awesome.css',
  'connection' => 'keep-alive',
  'cookie' => 'pgv_pvi=4010070016; PHPSESSID=f517e5c6b696a9242ad08756e103c90c',
)
[ info ] [ PARAM ] array (
  'v' => '4.3.0',
)
[ info ] [ LOG ] INIT File
---------------------------------------------------------------
[ 2019-04-26T12:32:55+08:00 ] 0.0.0.0 GET /cms/public/index.php/install/index/index.html
[ info ] localhost/cms/public/index.php/install/index/index.html [运行时间：0.044923s][吞吐率：22.26req/s] [内存消耗：2,215.01kb] [文件加载：66]
[ info ] [ LANG ] /Applications/MAMP/htdocs/cms/thinkphp/lang/zh-cn.php
[ info ] [ ROUTE ] array (
  'type' => 'module',
  'module' => 
  array (
    0 => 'install',
    1 => 'index',
    2 => 'index',
  ),
)
[ info ] [ HEADER ] array (
  'host' => 'localhost',
  'user-agent' => 'Mozilla/5.0 (Macintosh; Intel Mac OS X 10.14; rv:66.0) Gecko/20100101 Firefox/66.0',
  'accept' => 'text/html,application/xhtml+xml,application/xml;q=0.9,*/*;q=0.8',
  'accept-language' => 'zh-CN,zh;q=0.8,zh-TW;q=0.7,zh-HK;q=0.5,en-US;q=0.3,en;q=0.2',
  'accept-encoding' => 'gzip, deflate',
  'connection' => 'keep-alive',
  'cookie' => 'pgv_pvi=4010070016; PHPSESSID=f517e5c6b696a9242ad08756e103c90c',
  'upgrade-insecure-requests' => '1',
)
[ info ] [ PARAM ] array (
)
[ info ] [ RUN ] app\install\controller\Index->index[ /Applications/MAMP/htdocs/cms/application/install/controller/Index.php ]
[ info ] [ SESSION ] INIT array (
  'id' => '',
  'var_session_id' => '',
  'prefix' => 'think',
  'type' => '',
  'auto_start' => true,
)
[ info ] [ VIEW ] /Applications/MAMP/htdocs/cms/public/../application/install/view/index/index.htm [ array (
) ]
[ info ] [ LOG ] INIT File
---------------------------------------------------------------
[ 2019-04-26T12:32:56+08:00 ] 0.0.0.0 GET /cms/public/index.php/install/index/step1.html
[ info ] localhost/cms/public/index.php/install/index/step1.html [运行时间：0.042774s][吞吐率：23.38req/s] [内存消耗：2,165.13kb] [文件加载：65]
[ info ] [ LANG ] /Applications/MAMP/htdocs/cms/thinkphp/lang/zh-cn.php
[ info ] [ ROUTE ] array (
  'type' => 'module',
  'module' => 
  array (
    0 => 'install',
    1 => 'index',
    2 => 'step1',
  ),
)
[ info ] [ HEADER ] array (
  'host' => 'localhost',
  'user-agent' => 'Mozilla/5.0 (Macintosh; Intel Mac OS X 10.14; rv:66.0) Gecko/20100101 Firefox/66.0',
  'accept' => 'text/html,application/xhtml+xml,application/xml;q=0.9,*/*;q=0.8',
  'accept-language' => 'zh-CN,zh;q=0.8,zh-TW;q=0.7,zh-HK;q=0.5,en-US;q=0.3,en;q=0.2',
  'accept-encoding' => 'gzip, deflate',
  'referer' => 'http://localhost/cms/public/index.php/install/index/index.html',
  'connection' => 'keep-alive',
  'cookie' => 'pgv_pvi=4010070016; PHPSESSID=f517e5c6b696a9242ad08756e103c90c',
  'upgrade-insecure-requests' => '1',
)
[ info ] [ PARAM ] array (
)
[ info ] [ RUN ] app\install\controller\Index->step1[ /Applications/MAMP/htdocs/cms/application/install/controller/Index.php ]
[ info ] [ SESSION ] INIT array (
  'id' => '',
  'var_session_id' => '',
  'prefix' => 'think',
  'type' => '',
  'auto_start' => true,
)
[ info ] [ VIEW ] /Applications/MAMP/htdocs/cms/public/../application/install/view/index/step1.htm [ array (
  0 => 'envArr',
  1 => 'funArr',
) ]
[ info ] [ LOG ] INIT File
---------------------------------------------------------------
[ 2019-04-26T21:58:46+08:00 ] 0.0.0.0 GET /cms/public/index.php/admin
[ info ] localhost/cms/public/index.php/admin [运行时间：0.189073s][吞吐率：5.29req/s] [内存消耗：2,197.98kb] [文件加载：66]
[ info ] [ LANG ] /Applications/MAMP/htdocs/cms/thinkphp/lang/zh-cn.php
[ info ] [ ROUTE ] array (
  'type' => 'module',
  'module' => 
  array (
    0 => 'admin',
    1 => NULL,
    2 => NULL,
  ),
)
[ info ] [ HEADER ] array (
  'host' => 'localhost',
  'user-agent' => 'Mozilla/5.0 (Macintosh; Intel Mac OS X 10.14; rv:66.0) Gecko/20100101 Firefox/66.0',
  'accept' => 'text/html,application/xhtml+xml,application/xml;q=0.9,*/*;q=0.8',
  'accept-language' => 'zh-CN,zh;q=0.8,zh-TW;q=0.7,zh-HK;q=0.5,en-US;q=0.3,en;q=0.2',
  'accept-encoding' => 'gzip, deflate',
  'connection' => 'keep-alive',
  'cookie' => 'pgv_pvi=4010070016',
  'upgrade-insecure-requests' => '1',
)
[ info ] [ PARAM ] array (
)
[ info ] [ SESSION ] INIT array (
  'id' => '',
  'var_session_id' => '',
  'prefix' => 'think',
  'type' => '',
  'auto_start' => true,
)
[ info ] [ VIEW ] /Applications/MAMP/htdocs/cms/thinkphp/tpl/dispatch_jump.tpl [ array (
  0 => 'code',
  1 => 'msg',
  2 => 'data',
  3 => 'url',
  4 => 'wait',
) ]
[ info ] [ LOG ] INIT File
---------------------------------------------------------------
[ 2019-04-26T21:58:49+08:00 ] 0.0.0.0 GET /cms/public/index.php/admin/login/index.html
[ info ] localhost/cms/public/index.php/admin/login/index.html [运行时间：0.037233s][吞吐率：26.86req/s] [内存消耗：2,199.52kb] [文件加载：65]
[ info ] [ LANG ] /Applications/MAMP/htdocs/cms/thinkphp/lang/zh-cn.php
[ info ] [ ROUTE ] array (
  'type' => 'module',
  'module' => 
  array (
    0 => 'admin',
    1 => 'login',
    2 => 'index',
  ),
)
[ info ] [ HEADER ] array (
  'host' => 'localhost',
  'user-agent' => 'Mozilla/5.0 (Macintosh; Intel Mac OS X 10.14; rv:66.0) Gecko/20100101 Firefox/66.0',
  'accept' => 'text/html,application/xhtml+xml,application/xml;q=0.9,*/*;q=0.8',
  'accept-language' => 'zh-CN,zh;q=0.8,zh-TW;q=0.7,zh-HK;q=0.5,en-US;q=0.3,en;q=0.2',
  'accept-encoding' => 'gzip, deflate',
  'referer' => 'http://localhost/cms/public/index.php/admin',
  'connection' => 'keep-alive',
  'cookie' => 'pgv_pvi=4010070016; PHPSESSID=30ddca23d3d84309d7b5b483fd93966b',
  'upgrade-insecure-requests' => '1',
)
[ info ] [ PARAM ] array (
)
[ info ] [ RUN ] app\admin\controller\Login->index[ /Applications/MAMP/htdocs/cms/application/admin/controller/Login.php ]
[ info ] [ SESSION ] INIT array (
  'id' => '',
  'var_session_id' => '',
  'prefix' => 'think',
  'type' => '',
  'auto_start' => true,
)
[ info ] [ VIEW ] /Applications/MAMP/htdocs/cms/public/../application/admin/view/login/login.htm [ array (
) ]
[ info ] [ LOG ] INIT File
---------------------------------------------------------------
[ 2019-04-26T21:58:50+08:00 ] 0.0.0.0 GET /cms/public/index.php/captcha.html
[ info ] localhost/cms/public/index.php/captcha.html [运行时间：0.267501s][吞吐率：3.74req/s] [内存消耗：1,945.51kb] [文件加载：56]
[ info ] [ LANG ] /Applications/MAMP/htdocs/cms/thinkphp/lang/zh-cn.php
[ info ] [ ROUTE ] array (
  'type' => 'method',
  'method' => 
  array (
    0 => '\\think\\captcha\\CaptchaController',
    1 => 'index',
  ),
  'var' => 
  array (
  ),
)
[ info ] [ HEADER ] array (
  'host' => 'localhost',
  'user-agent' => 'Mozilla/5.0 (Macintosh; Intel Mac OS X 10.14; rv:66.0) Gecko/20100101 Firefox/66.0',
  'accept' => 'image/webp,*/*',
  'accept-language' => 'zh-CN,zh;q=0.8,zh-TW;q=0.7,zh-HK;q=0.5,en-US;q=0.3,en;q=0.2',
  'accept-encoding' => 'gzip, deflate',
  'referer' => 'http://localhost/cms/public/index.php/admin/login/index.html',
  'connection' => 'keep-alive',
  'cookie' => 'pgv_pvi=4010070016; PHPSESSID=30ddca23d3d84309d7b5b483fd93966b',
)
[ info ] [ PARAM ] array (
  'id' => NULL,
)
[ info ] [ RUN ] think\captcha\CaptchaController->index[ /Applications/MAMP/htdocs/cms/vendor/topthink/think-captcha/src/CaptchaController.php ]
[ info ] [ SESSION ] INIT array (
  'id' => '',
  'var_session_id' => '',
  'prefix' => 'think',
  'type' => '',
  'auto_start' => true,
)
[ info ] [ LOG ] INIT File
---------------------------------------------------------------
[ 2019-04-26T21:58:52+08:00 ] 0.0.0.0 GET /cms/public/index.php/install/
[ info ] localhost/cms/public/index.php/install/ [运行时间：0.166378s][吞吐率：6.01req/s] [内存消耗：2,221.60kb] [文件加载：66]
[ info ] [ LANG ] /Applications/MAMP/htdocs/cms/thinkphp/lang/zh-cn.php
[ info ] [ ROUTE ] array (
  'type' => 'module',
  'module' => 
  array (
    0 => 'install',
    1 => NULL,
    2 => NULL,
  ),
)
[ info ] [ HEADER ] array (
  'host' => 'localhost',
  'user-agent' => 'Mozilla/5.0 (Macintosh; Intel Mac OS X 10.14; rv:66.0) Gecko/20100101 Firefox/66.0',
  'accept' => 'text/html,application/xhtml+xml,application/xml;q=0.9,*/*;q=0.8',
  'accept-language' => 'zh-CN,zh;q=0.8,zh-TW;q=0.7,zh-HK;q=0.5,en-US;q=0.3,en;q=0.2',
  'accept-encoding' => 'gzip, deflate',
  'connection' => 'keep-alive',
  'cookie' => 'pgv_pvi=4010070016; PHPSESSID=30ddca23d3d84309d7b5b483fd93966b',
  'upgrade-insecure-requests' => '1',
)
[ info ] [ PARAM ] array (
)
[ info ] [ RUN ] app\install\controller\Index->index[ /Applications/MAMP/htdocs/cms/application/install/controller/Index.php ]
[ info ] [ SESSION ] INIT array (
  'id' => '',
  'var_session_id' => '',
  'prefix' => 'think',
  'type' => '',
  'auto_start' => true,
)
[ info ] [ VIEW ] /Applications/MAMP/htdocs/cms/public/../application/install/view/index/index.htm [ array (
) ]
[ info ] [ LOG ] INIT File
---------------------------------------------------------------
[ 2019-04-26T21:58:53+08:00 ] 0.0.0.0 GET /cms/public/index.php/install/index/step1.html
[ info ] localhost/cms/public/index.php/install/index/step1.html [运行时间：0.038392s][吞吐率：26.05req/s] [内存消耗：2,173.15kb] [文件加载：65]
[ info ] [ LANG ] /Applications/MAMP/htdocs/cms/thinkphp/lang/zh-cn.php
[ info ] [ ROUTE ] array (
  'type' => 'module',
  'module' => 
  array (
    0 => 'install',
    1 => 'index',
    2 => 'step1',
  ),
)
[ info ] [ HEADER ] array (
  'host' => 'localhost',
  'user-agent' => 'Mozilla/5.0 (Macintosh; Intel Mac OS X 10.14; rv:66.0) Gecko/20100101 Firefox/66.0',
  'accept' => 'text/html,application/xhtml+xml,application/xml;q=0.9,*/*;q=0.8',
  'accept-language' => 'zh-CN,zh;q=0.8,zh-TW;q=0.7,zh-HK;q=0.5,en-US;q=0.3,en;q=0.2',
  'accept-encoding' => 'gzip, deflate',
  'referer' => 'http://localhost/cms/public/index.php/install/',
  'connection' => 'keep-alive',
  'cookie' => 'pgv_pvi=4010070016; PHPSESSID=30ddca23d3d84309d7b5b483fd93966b',
  'upgrade-insecure-requests' => '1',
)
[ info ] [ PARAM ] array (
)
[ info ] [ RUN ] app\install\controller\Index->step1[ /Applications/MAMP/htdocs/cms/application/install/controller/Index.php ]
[ info ] [ SESSION ] INIT array (
  'id' => '',
  'var_session_id' => '',
  'prefix' => 'think',
  'type' => '',
  'auto_start' => true,
)
[ info ] [ VIEW ] /Applications/MAMP/htdocs/cms/public/../application/install/view/index/step1.htm [ array (
  0 => 'envArr',
  1 => 'funArr',
  2 => 'dirFileArr',
) ]
[ info ] [ LOG ] INIT File
---------------------------------------------------------------
[ 2019-04-26T21:59:27+08:00 ] 0.0.0.0 GET /cms/public/index.php/install/index/step1.html
[ info ] localhost/cms/public/index.php/install/index/step1.html [运行时间：0.045494s][吞吐率：21.98req/s] [内存消耗：2,314.95kb] [文件加载：67]
[ info ] [ LANG ] /Applications/MAMP/htdocs/cms/thinkphp/lang/zh-cn.php
[ info ] [ ROUTE ] array (
  'type' => 'module',
  'module' => 
  array (
    0 => 'install',
    1 => 'index',
    2 => 'step1',
  ),
)
[ info ] [ HEADER ] array (
  'host' => 'localhost',
  'user-agent' => 'Mozilla/5.0 (Macintosh; Intel Mac OS X 10.14; rv:66.0) Gecko/20100101 Firefox/66.0',
  'accept' => 'text/html,application/xhtml+xml,application/xml;q=0.9,*/*;q=0.8',
  'accept-language' => 'zh-CN,zh;q=0.8,zh-TW;q=0.7,zh-HK;q=0.5,en-US;q=0.3,en;q=0.2',
  'accept-encoding' => 'gzip, deflate',
  'referer' => 'http://localhost/cms/public/index.php/install/',
  'connection' => 'keep-alive',
  'cookie' => 'pgv_pvi=4010070016; PHPSESSID=30ddca23d3d84309d7b5b483fd93966b',
  'upgrade-insecure-requests' => '1',
  'cache-control' => 'max-age=0',
)
[ info ] [ PARAM ] array (
)
[ info ] [ RUN ] app\install\controller\Index->step1[ /Applications/MAMP/htdocs/cms/application/install/controller/Index.php ]
[ info ] [ SESSION ] INIT array (
  'id' => '',
  'var_session_id' => '',
  'prefix' => 'think',
  'type' => '',
  'auto_start' => true,
)
[ info ] [ VIEW ] /Applications/MAMP/htdocs/cms/public/../application/install/view/index/step1.htm [ array (
  0 => 'envArr',
  1 => 'funArr',
  2 => 'dirFileArr',
) ]
[ info ] [ LOG ] INIT File
---------------------------------------------------------------
[ 2019-04-26T22:00:02+08:00 ] 0.0.0.0 GET /cms/public/index.php/install/index/step1.html
[ info ] localhost/cms/public/index.php/install/index/step1.html [运行时间：0.039638s][吞吐率：25.23req/s] [内存消耗：2,315.05kb] [文件加载：67]
[ info ] [ LANG ] /Applications/MAMP/htdocs/cms/thinkphp/lang/zh-cn.php
[ info ] [ ROUTE ] array (
  'type' => 'module',
  'module' => 
  array (
    0 => 'install',
    1 => 'index',
    2 => 'step1',
  ),
)
[ info ] [ HEADER ] array (
  'host' => 'localhost',
  'user-agent' => 'Mozilla/5.0 (Macintosh; Intel Mac OS X 10.14; rv:66.0) Gecko/20100101 Firefox/66.0',
  'accept' => 'text/html,application/xhtml+xml,application/xml;q=0.9,*/*;q=0.8',
  'accept-language' => 'zh-CN,zh;q=0.8,zh-TW;q=0.7,zh-HK;q=0.5,en-US;q=0.3,en;q=0.2',
  'accept-encoding' => 'gzip, deflate',
  'referer' => 'http://localhost/cms/public/index.php/install/',
  'connection' => 'keep-alive',
  'cookie' => 'pgv_pvi=4010070016; PHPSESSID=30ddca23d3d84309d7b5b483fd93966b',
  'upgrade-insecure-requests' => '1',
  'cache-control' => 'max-age=0',
)
[ info ] [ PARAM ] array (
)
[ info ] [ RUN ] app\install\controller\Index->step1[ /Applications/MAMP/htdocs/cms/application/install/controller/Index.php ]
[ info ] [ SESSION ] INIT array (
  'id' => '',
  'var_session_id' => '',
  'prefix' => 'think',
  'type' => '',
  'auto_start' => true,
)
[ info ] [ VIEW ] /Applications/MAMP/htdocs/cms/public/../application/install/view/index/step1.htm [ array (
  0 => 'envArr',
  1 => 'funArr',
  2 => 'dirFileArr',
) ]
[ info ] [ LOG ] INIT File
---------------------------------------------------------------
[ 2019-04-26T22:04:22+08:00 ] 0.0.0.0 GET /cms/public/index.php/install/index/step1.html
[ info ] localhost/cms/public/index.php/install/index/step1.html [运行时间：0.039384s][吞吐率：25.39req/s] [内存消耗：2,315.15kb] [文件加载：67]
[ info ] [ LANG ] /Applications/MAMP/htdocs/cms/thinkphp/lang/zh-cn.php
[ info ] [ ROUTE ] array (
  'type' => 'module',
  'module' => 
  array (
    0 => 'install',
    1 => 'index',
    2 => 'step1',
  ),
)
[ info ] [ HEADER ] array (
  'host' => 'localhost',
  'user-agent' => 'Mozilla/5.0 (Macintosh; Intel Mac OS X 10.14; rv:66.0) Gecko/20100101 Firefox/66.0',
  'accept' => 'text/html,application/xhtml+xml,application/xml;q=0.9,*/*;q=0.8',
  'accept-language' => 'zh-CN,zh;q=0.8,zh-TW;q=0.7,zh-HK;q=0.5,en-US;q=0.3,en;q=0.2',
  'accept-encoding' => 'gzip, deflate',
  'referer' => 'http://localhost/cms/public/index.php/install/',
  'connection' => 'keep-alive',
  'cookie' => 'pgv_pvi=4010070016; PHPSESSID=30ddca23d3d84309d7b5b483fd93966b',
  'upgrade-insecure-requests' => '1',
  'cache-control' => 'max-age=0',
)
[ info ] [ PARAM ] array (
)
[ info ] [ RUN ] app\install\controller\Index->step1[ /Applications/MAMP/htdocs/cms/application/install/controller/Index.php ]
[ info ] [ SESSION ] INIT array (
  'id' => '',
  'var_session_id' => '',
  'prefix' => 'think',
  'type' => '',
  'auto_start' => true,
)
[ info ] [ VIEW ] /Applications/MAMP/htdocs/cms/public/../application/install/view/index/step1.htm [ array (
  0 => 'envArr',
  1 => 'funArr',
  2 => 'dirFileArr',
) ]
[ info ] [ LOG ] INIT File
---------------------------------------------------------------
[ 2019-04-26T22:04:47+08:00 ] 0.0.0.0 GET /cms/public/index.php/install/index/step1.html
[ info ] localhost/cms/public/index.php/install/index/step1.html [运行时间：0.042803s][吞吐率：23.36req/s] [内存消耗：2,315.27kb] [文件加载：67]
[ info ] [ LANG ] /Applications/MAMP/htdocs/cms/thinkphp/lang/zh-cn.php
[ info ] [ ROUTE ] array (
  'type' => 'module',
  'module' => 
  array (
    0 => 'install',
    1 => 'index',
    2 => 'step1',
  ),
)
[ info ] [ HEADER ] array (
  'host' => 'localhost',
  'user-agent' => 'Mozilla/5.0 (Macintosh; Intel Mac OS X 10.14; rv:66.0) Gecko/20100101 Firefox/66.0',
  'accept' => 'text/html,application/xhtml+xml,application/xml;q=0.9,*/*;q=0.8',
  'accept-language' => 'zh-CN,zh;q=0.8,zh-TW;q=0.7,zh-HK;q=0.5,en-US;q=0.3,en;q=0.2',
  'accept-encoding' => 'gzip, deflate',
  'referer' => 'http://localhost/cms/public/index.php/install/',
  'connection' => 'keep-alive',
  'cookie' => 'pgv_pvi=4010070016; PHPSESSID=30ddca23d3d84309d7b5b483fd93966b',
  'upgrade-insecure-requests' => '1',
  'cache-control' => 'max-age=0',
)
[ info ] [ PARAM ] array (
)
[ info ] [ RUN ] app\install\controller\Index->step1[ /Applications/MAMP/htdocs/cms/application/install/controller/Index.php ]
[ info ] [ SESSION ] INIT array (
  'id' => '',
  'var_session_id' => '',
  'prefix' => 'think',
  'type' => '',
  'auto_start' => true,
)
[ info ] [ VIEW ] /Applications/MAMP/htdocs/cms/public/../application/install/view/index/step1.htm [ array (
  0 => 'envArr',
  1 => 'funArr',
  2 => 'dirFileArr',
) ]
[ info ] [ LOG ] INIT File
---------------------------------------------------------------
[ 2019-04-26T22:05:52+08:00 ] 0.0.0.0 GET /cms/public/index.php/install/index/step1.html
[ info ] localhost/cms/public/index.php/install/index/step1.html [运行时间：0.041892s][吞吐率：23.87req/s] [内存消耗：2,172.60kb] [文件加载：65]
[ info ] [ LANG ] /Applications/MAMP/htdocs/cms/thinkphp/lang/zh-cn.php
[ info ] [ ROUTE ] array (
  'type' => 'module',
  'module' => 
  array (
    0 => 'install',
    1 => 'index',
    2 => 'step1',
  ),
)
[ info ] [ HEADER ] array (
  'host' => 'localhost',
  'user-agent' => 'Mozilla/5.0 (Macintosh; Intel Mac OS X 10.14; rv:66.0) Gecko/20100101 Firefox/66.0',
  'accept' => 'text/html,application/xhtml+xml,application/xml;q=0.9,*/*;q=0.8',
  'accept-language' => 'zh-CN,zh;q=0.8,zh-TW;q=0.7,zh-HK;q=0.5,en-US;q=0.3,en;q=0.2',
  'accept-encoding' => 'gzip, deflate',
  'referer' => 'http://localhost/cms/public/index.php/install/',
  'connection' => 'keep-alive',
  'cookie' => 'pgv_pvi=4010070016; PHPSESSID=30ddca23d3d84309d7b5b483fd93966b',
  'upgrade-insecure-requests' => '1',
  'cache-control' => 'max-age=0',
)
[ info ] [ PARAM ] array (
)
[ info ] [ RUN ] app\install\controller\Index->step1[ /Applications/MAMP/htdocs/cms/application/install/controller/Index.php ]
[ info ] [ SESSION ] INIT array (
  'id' => '',
  'var_session_id' => '',
  'prefix' => 'think',
  'type' => '',
  'auto_start' => true,
)
[ info ] [ VIEW ] /Applications/MAMP/htdocs/cms/public/../application/install/view/index/step1.htm [ array (
  0 => 'envArr',
  1 => 'funArr',
  2 => 'dirFileArr',
) ]
[ info ] [ LOG ] INIT File
---------------------------------------------------------------
[ 2019-04-26T22:13:08+08:00 ] 0.0.0.0 GET /cms/public/index.php/install/index/step1.html
[ info ] localhost/cms/public/index.php/install/index/step1.html [运行时间：0.061315s][吞吐率：16.31req/s] [内存消耗：2,685.61kb] [文件加载：77]
[ info ] [ LANG ] /Applications/MAMP/htdocs/cms/thinkphp/lang/zh-cn.php
[ info ] [ ROUTE ] array (
  'type' => 'module',
  'module' => 
  array (
    0 => 'install',
    1 => 'index',
    2 => 'step1',
  ),
)
[ info ] [ HEADER ] array (
  'host' => 'localhost',
  'user-agent' => 'Mozilla/5.0 (Macintosh; Intel Mac OS X 10.14; rv:66.0) Gecko/20100101 Firefox/66.0',
  'accept' => 'text/html,application/xhtml+xml,application/xml;q=0.9,*/*;q=0.8',
  'accept-language' => 'zh-CN,zh;q=0.8,zh-TW;q=0.7,zh-HK;q=0.5,en-US;q=0.3,en;q=0.2',
  'accept-encoding' => 'gzip, deflate',
  'referer' => 'http://localhost/cms/public/index.php/install/',
  'connection' => 'keep-alive',
  'cookie' => 'pgv_pvi=4010070016; PHPSESSID=30ddca23d3d84309d7b5b483fd93966b',
  'upgrade-insecure-requests' => '1',
  'cache-control' => 'max-age=0',
)
[ info ] [ PARAM ] array (
)
[ info ] [ RUN ] app\install\controller\Index->step1[ /Applications/MAMP/htdocs/cms/application/install/controller/Index.php ]
[ info ] [ SESSION ] INIT array (
  'id' => '',
  'var_session_id' => '',
  'prefix' => 'think',
  'type' => '',
  'auto_start' => true,
)
[ info ] [ VIEW ] /Applications/MAMP/htdocs/cms/public/../application/install/view/index/step1.htm [ array (
  0 => 'envArr',
  1 => 'funArr',
  2 => 'dirFileArr',
) ]
[ info ] [ LOG ] INIT File
---------------------------------------------------------------
[ 2019-04-26T22:15:03+08:00 ] 0.0.0.0 GET /cms/public/index.php/install/index/step1.html
[ info ] localhost/cms/public/index.php/install/index/step1.html [运行时间：0.034920s][吞吐率：28.64req/s] [内存消耗：2,172.60kb] [文件加载：65]
[ info ] [ LANG ] /Applications/MAMP/htdocs/cms/thinkphp/lang/zh-cn.php
[ info ] [ ROUTE ] array (
  'type' => 'module',
  'module' => 
  array (
    0 => 'install',
    1 => 'index',
    2 => 'step1',
  ),
)
[ info ] [ HEADER ] array (
  'host' => 'localhost',
  'user-agent' => 'Mozilla/5.0 (Macintosh; Intel Mac OS X 10.14; rv:66.0) Gecko/20100101 Firefox/66.0',
  'accept' => 'text/html,application/xhtml+xml,application/xml;q=0.9,*/*;q=0.8',
  'accept-language' => 'zh-CN,zh;q=0.8,zh-TW;q=0.7,zh-HK;q=0.5,en-US;q=0.3,en;q=0.2',
  'accept-encoding' => 'gzip, deflate',
  'referer' => 'http://localhost/cms/public/index.php/install/',
  'connection' => 'keep-alive',
  'cookie' => 'pgv_pvi=4010070016; PHPSESSID=30ddca23d3d84309d7b5b483fd93966b',
  'upgrade-insecure-requests' => '1',
  'cache-control' => 'max-age=0',
)
[ info ] [ PARAM ] array (
)
[ info ] [ RUN ] app\install\controller\Index->step1[ /Applications/MAMP/htdocs/cms/application/install/controller/Index.php ]
[ info ] [ SESSION ] INIT array (
  'id' => '',
  'var_session_id' => '',
  'prefix' => 'think',
  'type' => '',
  'auto_start' => true,
)
[ info ] [ VIEW ] /Applications/MAMP/htdocs/cms/public/../application/install/view/index/step1.htm [ array (
  0 => 'envArr',
  1 => 'funArr',
  2 => 'dirFileArr',
) ]
[ info ] [ LOG ] INIT File
---------------------------------------------------------------
[ 2019-04-26T22:17:26+08:00 ] 0.0.0.0 GET /cms/public/index.php/install/index/step1.html
[ info ] localhost/cms/public/index.php/install/index/step1.html [运行时间：0.034615s][吞吐率：28.89req/s] [内存消耗：2,173.10kb] [文件加载：65]
[ info ] [ LANG ] /Applications/MAMP/htdocs/cms/thinkphp/lang/zh-cn.php
[ info ] [ ROUTE ] array (
  'type' => 'module',
  'module' => 
  array (
    0 => 'install',
    1 => 'index',
    2 => 'step1',
  ),
)
[ info ] [ HEADER ] array (
  'host' => 'localhost',
  'user-agent' => 'Mozilla/5.0 (Macintosh; Intel Mac OS X 10.14; rv:66.0) Gecko/20100101 Firefox/66.0',
  'accept' => 'text/html,application/xhtml+xml,application/xml;q=0.9,*/*;q=0.8',
  'accept-language' => 'zh-CN,zh;q=0.8,zh-TW;q=0.7,zh-HK;q=0.5,en-US;q=0.3,en;q=0.2',
  'accept-encoding' => 'gzip, deflate',
  'referer' => 'http://localhost/cms/public/index.php/install/',
  'connection' => 'keep-alive',
  'cookie' => 'pgv_pvi=4010070016; PHPSESSID=30ddca23d3d84309d7b5b483fd93966b',
  'upgrade-insecure-requests' => '1',
  'cache-control' => 'max-age=0',
)
[ info ] [ PARAM ] array (
)
[ info ] [ RUN ] app\install\controller\Index->step1[ /Applications/MAMP/htdocs/cms/application/install/controller/Index.php ]
[ info ] [ SESSION ] INIT array (
  'id' => '',
  'var_session_id' => '',
  'prefix' => 'think',
  'type' => '',
  'auto_start' => true,
)
[ info ] [ VIEW ] /Applications/MAMP/htdocs/cms/public/../application/install/view/index/step1.htm [ array (
  0 => 'envArr',
  1 => 'funArr',
  2 => 'dirFileArr',
) ]
[ info ] [ LOG ] INIT File
---------------------------------------------------------------
[ 2019-04-26T22:17:31+08:00 ] 0.0.0.0 GET /cms/public/index.php/install/index/step1.html
[ info ] localhost/cms/public/index.php/install/index/step1.html [运行时间：0.033587s][吞吐率：29.77req/s] [内存消耗：2,173.10kb] [文件加载：65]
[ info ] [ LANG ] /Applications/MAMP/htdocs/cms/thinkphp/lang/zh-cn.php
[ info ] [ ROUTE ] array (
  'type' => 'module',
  'module' => 
  array (
    0 => 'install',
    1 => 'index',
    2 => 'step1',
  ),
)
[ info ] [ HEADER ] array (
  'host' => 'localhost',
  'user-agent' => 'Mozilla/5.0 (Macintosh; Intel Mac OS X 10.14; rv:66.0) Gecko/20100101 Firefox/66.0',
  'accept' => 'text/html,application/xhtml+xml,application/xml;q=0.9,*/*;q=0.8',
  'accept-language' => 'zh-CN,zh;q=0.8,zh-TW;q=0.7,zh-HK;q=0.5,en-US;q=0.3,en;q=0.2',
  'accept-encoding' => 'gzip, deflate',
  'referer' => 'http://localhost/cms/public/index.php/install/',
  'connection' => 'keep-alive',
  'cookie' => 'pgv_pvi=4010070016; PHPSESSID=30ddca23d3d84309d7b5b483fd93966b',
  'upgrade-insecure-requests' => '1',
  'cache-control' => 'max-age=0',
)
[ info ] [ PARAM ] array (
)
[ info ] [ RUN ] app\install\controller\Index->step1[ /Applications/MAMP/htdocs/cms/application/install/controller/Index.php ]
[ info ] [ SESSION ] INIT array (
  'id' => '',
  'var_session_id' => '',
  'prefix' => 'think',
  'type' => '',
  'auto_start' => true,
)
[ info ] [ VIEW ] /Applications/MAMP/htdocs/cms/public/../application/install/view/index/step1.htm [ array (
  0 => 'envArr',
  1 => 'funArr',
  2 => 'dirFileArr',
) ]
[ info ] [ LOG ] INIT File
---------------------------------------------------------------
[ 2019-04-26T22:18:11+08:00 ] 0.0.0.0 GET /cms/public/index.php/install/index/step1.html
[ info ] localhost/cms/public/index.php/install/index/step1.html [运行时间：0.030605s][吞吐率：32.67req/s] [内存消耗：2,172.60kb] [文件加载：65]
[ info ] [ LANG ] /Applications/MAMP/htdocs/cms/thinkphp/lang/zh-cn.php
[ info ] [ ROUTE ] array (
  'type' => 'module',
  'module' => 
  array (
    0 => 'install',
    1 => 'index',
    2 => 'step1',
  ),
)
[ info ] [ HEADER ] array (
  'host' => 'localhost',
  'user-agent' => 'Mozilla/5.0 (Macintosh; Intel Mac OS X 10.14; rv:66.0) Gecko/20100101 Firefox/66.0',
  'accept' => 'text/html,application/xhtml+xml,application/xml;q=0.9,*/*;q=0.8',
  'accept-language' => 'zh-CN,zh;q=0.8,zh-TW;q=0.7,zh-HK;q=0.5,en-US;q=0.3,en;q=0.2',
  'accept-encoding' => 'gzip, deflate',
  'referer' => 'http://localhost/cms/public/index.php/install/',
  'connection' => 'keep-alive',
  'cookie' => 'pgv_pvi=4010070016; PHPSESSID=30ddca23d3d84309d7b5b483fd93966b',
  'upgrade-insecure-requests' => '1',
  'cache-control' => 'max-age=0',
)
[ info ] [ PARAM ] array (
)
[ info ] [ RUN ] app\install\controller\Index->step1[ /Applications/MAMP/htdocs/cms/application/install/controller/Index.php ]
[ info ] [ SESSION ] INIT array (
  'id' => '',
  'var_session_id' => '',
  'prefix' => 'think',
  'type' => '',
  'auto_start' => true,
)
[ info ] [ VIEW ] /Applications/MAMP/htdocs/cms/public/../application/install/view/index/step1.htm [ array (
  0 => 'envArr',
  1 => 'funArr',
  2 => 'dirFileArr',
) ]
[ info ] [ LOG ] INIT File
---------------------------------------------------------------
[ 2019-04-26T22:18:27+08:00 ] 0.0.0.0 GET /cms/public/index.php/install/index/step1.html
[ info ] localhost/cms/public/index.php/install/index/step1.html [运行时间：0.035209s][吞吐率：28.40req/s] [内存消耗：2,172.60kb] [文件加载：65]
[ info ] [ LANG ] /Applications/MAMP/htdocs/cms/thinkphp/lang/zh-cn.php
[ info ] [ ROUTE ] array (
  'type' => 'module',
  'module' => 
  array (
    0 => 'install',
    1 => 'index',
    2 => 'step1',
  ),
)
[ info ] [ HEADER ] array (
  'host' => 'localhost',
  'user-agent' => 'Mozilla/5.0 (Macintosh; Intel Mac OS X 10.14; rv:66.0) Gecko/20100101 Firefox/66.0',
  'accept' => 'text/html,application/xhtml+xml,application/xml;q=0.9,*/*;q=0.8',
  'accept-language' => 'zh-CN,zh;q=0.8,zh-TW;q=0.7,zh-HK;q=0.5,en-US;q=0.3,en;q=0.2',
  'accept-encoding' => 'gzip, deflate',
  'referer' => 'http://localhost/cms/public/index.php/install/',
  'connection' => 'keep-alive',
  'cookie' => 'pgv_pvi=4010070016; PHPSESSID=30ddca23d3d84309d7b5b483fd93966b',
  'upgrade-insecure-requests' => '1',
  'cache-control' => 'max-age=0',
)
[ info ] [ PARAM ] array (
)
[ info ] [ RUN ] app\install\controller\Index->step1[ /Applications/MAMP/htdocs/cms/application/install/controller/Index.php ]
[ info ] [ SESSION ] INIT array (
  'id' => '',
  'var_session_id' => '',
  'prefix' => 'think',
  'type' => '',
  'auto_start' => true,
)
[ info ] [ VIEW ] /Applications/MAMP/htdocs/cms/public/../application/install/view/index/step1.htm [ array (
  0 => 'envArr',
  1 => 'funArr',
  2 => 'dirFileArr',
) ]
[ info ] [ LOG ] INIT File
---------------------------------------------------------------
[ 2019-04-26T22:20:01+08:00 ] 0.0.0.0 GET /cms/public/index.php/install/index/step1.html
[ info ] localhost/cms/public/index.php/install/index/step1.html [运行时间：0.044054s][吞吐率：22.70req/s] [内存消耗：2,685.61kb] [文件加载：77]
[ info ] [ LANG ] /Applications/MAMP/htdocs/cms/thinkphp/lang/zh-cn.php
[ info ] [ ROUTE ] array (
  'type' => 'module',
  'module' => 
  array (
    0 => 'install',
    1 => 'index',
    2 => 'step1',
  ),
)
[ info ] [ HEADER ] array (
  'host' => 'localhost',
  'user-agent' => 'Mozilla/5.0 (Macintosh; Intel Mac OS X 10.14; rv:66.0) Gecko/20100101 Firefox/66.0',
  'accept' => 'text/html,application/xhtml+xml,application/xml;q=0.9,*/*;q=0.8',
  'accept-language' => 'zh-CN,zh;q=0.8,zh-TW;q=0.7,zh-HK;q=0.5,en-US;q=0.3,en;q=0.2',
  'accept-encoding' => 'gzip, deflate',
  'referer' => 'http://localhost/cms/public/index.php/install/',
  'connection' => 'keep-alive',
  'cookie' => 'pgv_pvi=4010070016; PHPSESSID=30ddca23d3d84309d7b5b483fd93966b',
  'upgrade-insecure-requests' => '1',
  'cache-control' => 'max-age=0',
)
[ info ] [ PARAM ] array (
)
[ info ] [ RUN ] app\install\controller\Index->step1[ /Applications/MAMP/htdocs/cms/application/install/controller/Index.php ]
[ info ] [ SESSION ] INIT array (
  'id' => '',
  'var_session_id' => '',
  'prefix' => 'think',
  'type' => '',
  'auto_start' => true,
)
[ info ] [ VIEW ] /Applications/MAMP/htdocs/cms/public/../application/install/view/index/step1.htm [ array (
  0 => 'envArr',
  1 => 'funArr',
  2 => 'dirFileArr',
) ]
[ info ] [ LOG ] INIT File
