---------------------------------------------------------------
[ 2019-04-29T21:01:38+08:00 ] 0.0.0.0 GET /cms/public/index.php/admin
[ info ] localhost/cms/public/index.php/admin [è¿è¡Œæ—¶é—´ï¼š0.257345s][åžåçŽ‡ï¼š3.89req/s] [å†…å­˜æ¶ˆè€—ï¼š2,196.76kb] [æ–‡ä»¶åŠ è½½ï¼š66]
[ info ] [ LANG ] /Applications/MAMP/htdocs/cms/thinkphp/lang/zh-cn.php
[ info ] [ ROUTE ] array (
  'type' => 'module',
  'module' => 
  array (
    0 => 'admin',
    1 => NULL,
    2 => NULL,
  ),
)
[ info ] [ HEADER ] array (
  'host' => 'localhost',
  'user-agent' => 'Mozilla/5.0 (Macintosh; Intel Mac OS X 10.14; rv:66.0) Gecko/20100101 Firefox/66.0',
  'accept' => 'text/html,application/xhtml+xml,application/xml;q=0.9,*/*;q=0.8',
  'accept-language' => 'zh-CN,zh;q=0.8,zh-TW;q=0.7,zh-HK;q=0.5,en-US;q=0.3,en;q=0.2',
  'accept-encoding' => 'gzip, deflate',
  'connection' => 'keep-alive',
  'cookie' => 'pgv_pvi=4010070016',
  'upgrade-insecure-requests' => '1',
)
[ info ] [ PARAM ] array (
)
[ info ] [ SESSION ] INIT array (
  'id' => '',
  'var_session_id' => '',
  'prefix' => 'think',
  'type' => '',
  'auto_start' => true,
)
[ info ] [ VIEW ] /Applications/MAMP/htdocs/cms/thinkphp/tpl/dispatch_jump.tpl [ array (
  0 => 'code',
  1 => 'msg',
  2 => 'data',
  3 => 'url',
  4 => 'wait',
) ]
[ info ] [ LOG ] INIT File
---------------------------------------------------------------
[ 2019-04-29T21:01:41+08:00 ] 0.0.0.0 GET /cms/public/index.php/admin/login/index.html
[ info ] localhost/cms/public/index.php/admin/login/index.html [è¿è¡Œæ—¶é—´ï¼š0.037990s][åžåçŽ‡ï¼š26.32req/s] [å†…å­˜æ¶ˆè€—ï¼š2,198.45kb] [æ–‡ä»¶åŠ è½½ï¼š65]
[ info ] [ LANG ] /Applications/MAMP/htdocs/cms/thinkphp/lang/zh-cn.php
[ info ] [ ROUTE ] array (
  'type' => 'module',
  'module' => 
  array (
    0 => 'admin',
    1 => 'login',
    2 => 'index',
  ),
)
[ info ] [ HEADER ] array (
  'host' => 'localhost',
  'user-agent' => 'Mozilla/5.0 (Macintosh; Intel Mac OS X 10.14; rv:66.0) Gecko/20100101 Firefox/66.0',
  'accept' => 'text/html,application/xhtml+xml,application/xml;q=0.9,*/*;q=0.8',
  'accept-language' => 'zh-CN,zh;q=0.8,zh-TW;q=0.7,zh-HK;q=0.5,en-US;q=0.3,en;q=0.2',
  'accept-encoding' => 'gzip, deflate',
  'referer' => 'http://localhost/cms/public/index.php/admin',
  'connection' => 'keep-alive',
  'cookie' => 'pgv_pvi=4010070016; PHPSESSID=c5ec6cc4f52695136ee8ae8ec9bf65a5',
  'upgrade-insecure-requests' => '1',
)
[ info ] [ PARAM ] array (
)
[ info ] [ RUN ] app\admin\controller\Login->index[ /Applications/MAMP/htdocs/cms/application/admin/controller/Login.php ]
[ info ] [ SESSION ] INIT array (
  'id' => '',
  'var_session_id' => '',
  'prefix' => 'think',
  'type' => '',
  'auto_start' => true,
)
[ info ] [ VIEW ] /Applications/MAMP/htdocs/cms/public/../application/admin/view/login/login.htm [ array (
) ]
[ info ] [ LOG ] INIT File
---------------------------------------------------------------
[ 2019-04-29T21:01:41+08:00 ] 0.0.0.0 GET /cms/public/index.php/captcha.html
[ info ] localhost/cms/public/index.php/captcha.html [è¿è¡Œæ—¶é—´ï¼š0.097431s][åžåçŽ‡ï¼š10.26req/s] [å†…å­˜æ¶ˆè€—ï¼š1,945.70kb] [æ–‡ä»¶åŠ è½½ï¼š56]
[ info ] [ LANG ] /Applications/MAMP/htdocs/cms/thinkphp/lang/zh-cn.php
[ info ] [ ROUTE ] array (
  'type' => 'method',
  'method' => 
  array (
    0 => '\\think\\captcha\\CaptchaController',
    1 => 'index',
  ),
  'var' => 
  array (
  ),
)
[ info ] [ HEADER ] array (
  'host' => 'localhost',
  'user-agent' => 'Mozilla/5.0 (Macintosh; Intel Mac OS X 10.14; rv:66.0) Gecko/20100101 Firefox/66.0',
  'accept' => 'image/webp,*/*',
  'accept-language' => 'zh-CN,zh;q=0.8,zh-TW;q=0.7,zh-HK;q=0.5,en-US;q=0.3,en;q=0.2',
  'accept-encoding' => 'gzip, deflate',
  'referer' => 'http://localhost/cms/public/index.php/admin/login/index.html',
  'connection' => 'keep-alive',
  'cookie' => 'pgv_pvi=4010070016; PHPSESSID=c5ec6cc4f52695136ee8ae8ec9bf65a5',
)
[ info ] [ PARAM ] array (
  'id' => NULL,
)
[ info ] [ RUN ] think\captcha\CaptchaController->index[ /Applications/MAMP/htdocs/cms/vendor/topthink/think-captcha/src/CaptchaController.php ]
[ info ] [ SESSION ] INIT array (
  'id' => '',
  'var_session_id' => '',
  'prefix' => 'think',
  'type' => '',
  'auto_start' => true,
)
[ info ] [ LOG ] INIT File
---------------------------------------------------------------
[ 2019-04-29T21:10:22+08:00 ] 0.0.0.0 GET /cms/public/index.php/install/
[ info ] localhost/cms/public/index.php/install/ [è¿è¡Œæ—¶é—´ï¼š0.091207s][åžåçŽ‡ï¼š10.96req/s] [å†…å­˜æ¶ˆè€—ï¼š2,234.73kb] [æ–‡ä»¶åŠ è½½ï¼š66]
[ info ] [ LANG ] /Applications/MAMP/htdocs/cms/thinkphp/lang/zh-cn.php
[ info ] [ ROUTE ] array (
  'type' => 'module',
  'module' => 
  array (
    0 => 'install',
    1 => NULL,
    2 => NULL,
  ),
)
[ info ] [ HEADER ] array (
  'host' => 'localhost',
  'user-agent' => 'Mozilla/5.0 (Macintosh; Intel Mac OS X 10.14; rv:66.0) Gecko/20100101 Firefox/66.0',
  'accept' => 'text/html,application/xhtml+xml,application/xml;q=0.9,*/*;q=0.8',
  'accept-language' => 'zh-CN,zh;q=0.8,zh-TW;q=0.7,zh-HK;q=0.5,en-US;q=0.3,en;q=0.2',
  'accept-encoding' => 'gzip, deflate',
  'connection' => 'keep-alive',
  'cookie' => 'pgv_pvi=4010070016; PHPSESSID=c5ec6cc4f52695136ee8ae8ec9bf65a5',
  'upgrade-insecure-requests' => '1',
)
[ info ] [ PARAM ] array (
)
[ info ] [ RUN ] app\install\controller\Index->index[ /Applications/MAMP/htdocs/cms/application/install/controller/Index.php ]
[ info ] [ SESSION ] INIT array (
  'id' => '',
  'var_session_id' => '',
  'prefix' => 'think',
  'type' => '',
  'auto_start' => true,
)
[ info ] [ VIEW ] /Applications/MAMP/htdocs/cms/public/../application/install/view/index/index.htm [ array (
) ]
[ info ] [ LOG ] INIT File
---------------------------------------------------------------
[ 2019-04-29T21:10:23+08:00 ] 0.0.0.0 GET /cms/public/index.php/install/index/step1.html
[ info ] localhost/cms/public/index.php/install/index/step1.html [è¿è¡Œæ—¶é—´ï¼š0.038529s][åžåçŽ‡ï¼š25.95req/s] [å†…å­˜æ¶ˆè€—ï¼š2,236.77kb] [æ–‡ä»¶åŠ è½½ï¼š66]
[ info ] [ LANG ] /Applications/MAMP/htdocs/cms/thinkphp/lang/zh-cn.php
[ info ] [ ROUTE ] array (
  'type' => 'module',
  'module' => 
  array (
    0 => 'install',
    1 => 'index',
    2 => 'step1',
  ),
)
[ info ] [ HEADER ] array (
  'host' => 'localhost',
  'user-agent' => 'Mozilla/5.0 (Macintosh; Intel Mac OS X 10.14; rv:66.0) Gecko/20100101 Firefox/66.0',
  'accept' => 'text/html,application/xhtml+xml,application/xml;q=0.9,*/*;q=0.8',
  'accept-language' => 'zh-CN,zh;q=0.8,zh-TW;q=0.7,zh-HK;q=0.5,en-US;q=0.3,en;q=0.2',
  'accept-encoding' => 'gzip, deflate',
  'referer' => 'http://localhost/cms/public/index.php/install/',
  'connection' => 'keep-alive',
  'cookie' => 'pgv_pvi=4010070016; PHPSESSID=c5ec6cc4f52695136ee8ae8ec9bf65a5',
  'upgrade-insecure-requests' => '1',
)
[ info ] [ PARAM ] array (
)
[ info ] [ RUN ] app\install\controller\Index->step1[ /Applications/MAMP/htdocs/cms/application/install/controller/Index.php ]
[ info ] [ SESSION ] INIT array (
  'id' => '',
  'var_session_id' => '',
  'prefix' => 'think',
  'type' => '',
  'auto_start' => true,
)
[ info ] [ VIEW ] /Applications/MAMP/htdocs/cms/public/../application/install/view/index/step1.htm [ array (
  0 => 'envArr',
  1 => 'funArr',
  2 => 'dirFileArr',
) ]
[ info ] [ LOG ] INIT File
---------------------------------------------------------------
[ 2019-04-29T21:10:25+08:00 ] 0.0.0.0 GET /cms/public/index.php/install/index/step2.html
[ info ] localhost/cms/public/index.php/install/index/step2.html [è¿è¡Œæ—¶é—´ï¼š0.036279s][åžåçŽ‡ï¼š27.56req/s] [å†…å­˜æ¶ˆè€—ï¼š2,184.34kb] [æ–‡ä»¶åŠ è½½ï¼š65]
[ info ] [ LANG ] /Applications/MAMP/htdocs/cms/thinkphp/lang/zh-cn.php
[ info ] [ ROUTE ] array (
  'type' => 'module',
  'module' => 
  array (
    0 => 'install',
    1 => 'index',
    2 => 'step2',
  ),
)
[ info ] [ HEADER ] array (
  'host' => 'localhost',
  'user-agent' => 'Mozilla/5.0 (Macintosh; Intel Mac OS X 10.14; rv:66.0) Gecko/20100101 Firefox/66.0',
  'accept' => 'text/html,application/xhtml+xml,application/xml;q=0.9,*/*;q=0.8',
  'accept-language' => 'zh-CN,zh;q=0.8,zh-TW;q=0.7,zh-HK;q=0.5,en-US;q=0.3,en;q=0.2',
  'accept-encoding' => 'gzip, deflate',
  'referer' => 'http://localhost/cms/public/index.php/install/index/step1.html',
  'connection' => 'keep-alive',
  'cookie' => 'pgv_pvi=4010070016; PHPSESSID=c5ec6cc4f52695136ee8ae8ec9bf65a5',
  'upgrade-insecure-requests' => '1',
)
[ info ] [ PARAM ] array (
)
[ info ] [ RUN ] app\install\controller\Index->step2[ /Applications/MAMP/htdocs/cms/application/install/controller/Index.php ]
[ info ] [ SESSION ] INIT array (
  'id' => '',
  'var_session_id' => '',
  'prefix' => 'think',
  'type' => '',
  'auto_start' => true,
)
[ info ] [ VIEW ] /Applications/MAMP/htdocs/cms/public/../application/install/view/index/step2.htm [ array (
) ]
[ info ] [ LOG ] INIT File
---------------------------------------------------------------
[ 2019-04-29T21:11:02+08:00 ] 0.0.0.0 POST /cms/public/index.php/install/index/step2.html
[ info ] localhost/cms/public/index.php/install/index/step2.html [è¿è¡Œæ—¶é—´ï¼š0.116598s][åžåçŽ‡ï¼š8.58req/s] [å†…å­˜æ¶ˆè€—ï¼š2,921.39kb] [æ–‡ä»¶åŠ è½½ï¼š73]
[ info ] [ LANG ] /Applications/MAMP/htdocs/cms/thinkphp/lang/zh-cn.php
[ info ] [ ROUTE ] array (
  'type' => 'module',
  'module' => 
  array (
    0 => 'install',
    1 => 'index',
    2 => 'step2',
  ),
)
[ info ] [ HEADER ] array (
  'host' => 'localhost',
  'user-agent' => 'Mozilla/5.0 (Macintosh; Intel Mac OS X 10.14; rv:66.0) Gecko/20100101 Firefox/66.0',
  'accept' => 'text/html,application/xhtml+xml,application/xml;q=0.9,*/*;q=0.8',
  'accept-language' => 'zh-CN,zh;q=0.8,zh-TW;q=0.7,zh-HK;q=0.5,en-US;q=0.3,en;q=0.2',
  'accept-encoding' => 'gzip, deflate',
  'referer' => 'http://localhost/cms/public/index.php/install/index/step2.html',
  'content-type' => 'application/x-www-form-urlencoded',
  'content-length' => '315',
  'connection' => 'keep-alive',
  'cookie' => 'pgv_pvi=4010070016; PHPSESSID=c5ec6cc4f52695136ee8ae8ec9bf65a5',
  'upgrade-insecure-requests' => '1',
)
[ info ] [ PARAM ] array (
  'submitform' => 'submit',
  'install_recover' => '',
  'db' => 
  array (
    'hostname' => 'localhost',
    'type' => 'mysql',
    'database' => 'test1',
    'username' => 'admin',
    'password' => 'admin',
    'prefix' => 'tp_',
    'hostport' => '3306',
  ),
  'admin' => 
  array (
    'site_name' => 'å•Šå•Šå•Š',
    'admin' => 'admin',
    'password' => 'admin',
    'rpassword' => 'admin',
  ),
)
[ info ] [ RUN ] app\install\controller\Index->step2[ /Applications/MAMP/htdocs/cms/application/install/controller/Index.php ]
[ info ] [ SESSION ] INIT array (
  'id' => '',
  'var_session_id' => '',
  'prefix' => 'think',
  'type' => '',
  'auto_start' => true,
)
[ info ] [ DB ] INIT mysql
[ info ] [ VIEW ] /Applications/MAMP/htdocs/cms/thinkphp/tpl/dispatch_jump.tpl [ array (
  0 => 'code',
  1 => 'msg',
  2 => 'data',
  3 => 'url',
  4 => 'wait',
) ]
[ info ] [ LOG ] INIT File
[ sql ] [ DB ] CONNECT:[ UseTime:0.002617s ] mysql:host=127.0.0.1;dbname=cms;charset=utf8
[ sql ] [ SQL ] CREATE DATABASE IF NOT EXISTS test1 DEFAULT CHARACTER SET utf8 [ RunTime:0.044302s ]
---------------------------------------------------------------
[ 2019-04-29T21:11:05+08:00 ] 0.0.0.0 GET /cms/public/index.php/install/index/step3/access/success.html
[ info ] localhost/cms/public/index.php/install/index/step3/access/success.html [è¿è¡Œæ—¶é—´ï¼š0.068837s][åžåçŽ‡ï¼š14.53req/s] [å†…å­˜æ¶ˆè€—ï¼š2,615.78kb] [æ–‡ä»¶åŠ è½½ï¼š75]
[ info ] [ LANG ] /Applications/MAMP/htdocs/cms/thinkphp/lang/zh-cn.php
[ info ] [ ROUTE ] array (
  'type' => 'module',
  'module' => 
  array (
    0 => 'install',
    1 => 'index',
    2 => 'step3',
  ),
)
[ info ] [ HEADER ] array (
  'host' => 'localhost',
  'user-agent' => 'Mozilla/5.0 (Macintosh; Intel Mac OS X 10.14; rv:66.0) Gecko/20100101 Firefox/66.0',
  'accept' => 'text/html,application/xhtml+xml,application/xml;q=0.9,*/*;q=0.8',
  'accept-language' => 'zh-CN,zh;q=0.8,zh-TW;q=0.7,zh-HK;q=0.5,en-US;q=0.3,en;q=0.2',
  'accept-encoding' => 'gzip, deflate',
  'referer' => 'http://localhost/cms/public/index.php/install/index/step2.html',
  'connection' => 'keep-alive',
  'cookie' => 'pgv_pvi=4010070016; PHPSESSID=c5ec6cc4f52695136ee8ae8ec9bf65a5',
  'upgrade-insecure-requests' => '1',
)
[ info ] [ PARAM ] array (
  'access' => 'success',
)
[ info ] [ RUN ] app\install\controller\Index->step3[ /Applications/MAMP/htdocs/cms/application/install/controller/Index.php ]
[ info ] [ SESSION ] INIT array (
  'id' => '',
  'var_session_id' => '',
  'prefix' => 'think',
  'type' => '',
  'auto_start' => true,
)
[ info ] [ VIEW ] /Applications/MAMP/htdocs/cms/public/../application/install/view/index/step3.htm [ array (
) ]
[ info ] [ LOG ] INIT File
---------------------------------------------------------------
[ 2019-04-29T21:11:42+08:00 ] 0.0.0.0 GET /cms/public/index.php/install/index/step3/access/success.html
[ info ] localhost/cms/public/index.php/install/index/step3/access/success.html [è¿è¡Œæ—¶é—´ï¼š0.034317s][åžåçŽ‡ï¼š29.14req/s] [å†…å­˜æ¶ˆè€—ï¼š2,232.92kb] [æ–‡ä»¶åŠ è½½ï¼š66]
[ info ] [ LANG ] /Applications/MAMP/htdocs/cms/thinkphp/lang/zh-cn.php
[ info ] [ ROUTE ] array (
  'type' => 'module',
  'module' => 
  array (
    0 => 'install',
    1 => 'index',
    2 => 'step3',
  ),
)
[ info ] [ HEADER ] array (
  'host' => 'localhost',
  'user-agent' => 'Mozilla/5.0 (Macintosh; Intel Mac OS X 10.14; rv:66.0) Gecko/20100101 Firefox/66.0',
  'accept' => 'text/html,application/xhtml+xml,application/xml;q=0.9,*/*;q=0.8',
  'accept-language' => 'zh-CN,zh;q=0.8,zh-TW;q=0.7,zh-HK;q=0.5,en-US;q=0.3,en;q=0.2',
  'accept-encoding' => 'gzip, deflate',
  'referer' => 'http://localhost/cms/public/index.php/install/index/step2.html',
  'connection' => 'keep-alive',
  'cookie' => 'pgv_pvi=4010070016; PHPSESSID=c5ec6cc4f52695136ee8ae8ec9bf65a5',
  'upgrade-insecure-requests' => '1',
  'cache-control' => 'max-age=0',
)
[ info ] [ PARAM ] array (
  'access' => 'success',
)
[ info ] [ RUN ] app\install\controller\Index->step3[ /Applications/MAMP/htdocs/cms/application/install/controller/Index.php ]
[ info ] [ SESSION ] INIT array (
  'id' => '',
  'var_session_id' => '',
  'prefix' => 'think',
  'type' => '',
  'auto_start' => true,
)
[ info ] [ LOG ] INIT File
---------------------------------------------------------------
[ 2019-04-29T21:11:42+08:00 ] 0.0.0.0 GET /cms/public/index.php/install/index/index.html
[ info ] localhost/cms/public/index.php/install/index/index.html [è¿è¡Œæ—¶é—´ï¼š0.033040s][åžåçŽ‡ï¼š30.27req/s] [å†…å­˜æ¶ˆè€—ï¼š2,237.52kb] [æ–‡ä»¶åŠ è½½ï¼š66]
[ info ] [ LANG ] /Applications/MAMP/htdocs/cms/thinkphp/lang/zh-cn.php
[ info ] [ ROUTE ] array (
  'type' => 'module',
  'module' => 
  array (
    0 => 'install',
    1 => 'index',
    2 => 'index',
  ),
)
[ info ] [ HEADER ] array (
  'host' => 'localhost',
  'user-agent' => 'Mozilla/5.0 (Macintosh; Intel Mac OS X 10.14; rv:66.0) Gecko/20100101 Firefox/66.0',
  'accept' => 'text/html,application/xhtml+xml,application/xml;q=0.9,*/*;q=0.8',
  'accept-language' => 'zh-CN,zh;q=0.8,zh-TW;q=0.7,zh-HK;q=0.5,en-US;q=0.3,en;q=0.2',
  'accept-encoding' => 'gzip, deflate',
  'referer' => 'http://localhost/cms/public/index.php/install/index/step2.html',
  'connection' => 'keep-alive',
  'cookie' => 'pgv_pvi=4010070016; PHPSESSID=c5ec6cc4f52695136ee8ae8ec9bf65a5',
  'upgrade-insecure-requests' => '1',
)
[ info ] [ PARAM ] array (
)
[ info ] [ RUN ] app\install\controller\Index->index[ /Applications/MAMP/htdocs/cms/application/install/controller/Index.php ]
[ info ] [ SESSION ] INIT array (
  'id' => '',
  'var_session_id' => '',
  'prefix' => 'think',
  'type' => '',
  'auto_start' => true,
)
[ info ] [ VIEW ] /Applications/MAMP/htdocs/cms/public/../application/install/view/index/index.htm [ array (
) ]
[ info ] [ LOG ] INIT File
---------------------------------------------------------------
[ 2019-04-29T21:11:52+08:00 ] 0.0.0.0 GET /cms/public/index.php/install/index/step1.html
[ info ] localhost/cms/public/index.php/install/index/step1.html [è¿è¡Œæ—¶é—´ï¼š0.037031s][åžåçŽ‡ï¼š27.00req/s] [å†…å­˜æ¶ˆè€—ï¼š2,237.18kb] [æ–‡ä»¶åŠ è½½ï¼š66]
[ info ] [ LANG ] /Applications/MAMP/htdocs/cms/thinkphp/lang/zh-cn.php
[ info ] [ ROUTE ] array (
  'type' => 'module',
  'module' => 
  array (
    0 => 'install',
    1 => 'index',
    2 => 'step1',
  ),
)
[ info ] [ HEADER ] array (
  'host' => 'localhost',
  'user-agent' => 'Mozilla/5.0 (Macintosh; Intel Mac OS X 10.14; rv:66.0) Gecko/20100101 Firefox/66.0',
  'accept' => 'text/html,application/xhtml+xml,application/xml;q=0.9,*/*;q=0.8',
  'accept-language' => 'zh-CN,zh;q=0.8,zh-TW;q=0.7,zh-HK;q=0.5,en-US;q=0.3,en;q=0.2',
  'accept-encoding' => 'gzip, deflate',
  'referer' => 'http://localhost/cms/public/index.php/install/index/index.html',
  'connection' => 'keep-alive',
  'cookie' => 'pgv_pvi=4010070016; PHPSESSID=c5ec6cc4f52695136ee8ae8ec9bf65a5',
  'upgrade-insecure-requests' => '1',
)
[ info ] [ PARAM ] array (
)
[ info ] [ RUN ] app\install\controller\Index->step1[ /Applications/MAMP/htdocs/cms/application/install/controller/Index.php ]
[ info ] [ SESSION ] INIT array (
  'id' => '',
  'var_session_id' => '',
  'prefix' => 'think',
  'type' => '',
  'auto_start' => true,
)
[ info ] [ VIEW ] /Applications/MAMP/htdocs/cms/public/../application/install/view/index/step1.htm [ array (
  0 => 'envArr',
  1 => 'funArr',
  2 => 'dirFileArr',
) ]
[ info ] [ LOG ] INIT File
---------------------------------------------------------------
[ 2019-04-29T21:11:53+08:00 ] 0.0.0.0 GET /cms/public/index.php/install/index/step2.html
[ info ] localhost/cms/public/index.php/install/index/step2.html [è¿è¡Œæ—¶é—´ï¼š0.034656s][åžåçŽ‡ï¼š28.85req/s] [å†…å­˜æ¶ˆè€—ï¼š2,184.71kb] [æ–‡ä»¶åŠ è½½ï¼š65]
[ info ] [ LANG ] /Applications/MAMP/htdocs/cms/thinkphp/lang/zh-cn.php
[ info ] [ ROUTE ] array (
  'type' => 'module',
  'module' => 
  array (
    0 => 'install',
    1 => 'index',
    2 => 'step2',
  ),
)
[ info ] [ HEADER ] array (
  'host' => 'localhost',
  'user-agent' => 'Mozilla/5.0 (Macintosh; Intel Mac OS X 10.14; rv:66.0) Gecko/20100101 Firefox/66.0',
  'accept' => 'text/html,application/xhtml+xml,application/xml;q=0.9,*/*;q=0.8',
  'accept-language' => 'zh-CN,zh;q=0.8,zh-TW;q=0.7,zh-HK;q=0.5,en-US;q=0.3,en;q=0.2',
  'accept-encoding' => 'gzip, deflate',
  'referer' => 'http://localhost/cms/public/index.php/install/index/step1.html',
  'connection' => 'keep-alive',
  'cookie' => 'pgv_pvi=4010070016; PHPSESSID=c5ec6cc4f52695136ee8ae8ec9bf65a5',
  'upgrade-insecure-requests' => '1',
)
[ info ] [ PARAM ] array (
)
[ info ] [ RUN ] app\install\controller\Index->step2[ /Applications/MAMP/htdocs/cms/application/install/controller/Index.php ]
[ info ] [ SESSION ] INIT array (
  'id' => '',
  'var_session_id' => '',
  'prefix' => 'think',
  'type' => '',
  'auto_start' => true,
)
[ info ] [ VIEW ] /Applications/MAMP/htdocs/cms/public/../application/install/view/index/step2.htm [ array (
) ]
[ info ] [ LOG ] INIT File
---------------------------------------------------------------
[ 2019-04-29T21:12:51+08:00 ] 0.0.0.0 POST /cms/public/index.php/install/index/step2.html
[ info ] localhost/cms/public/index.php/install/index/step2.html [è¿è¡Œæ—¶é—´ï¼š0.049970s][åžåçŽ‡ï¼š20.01req/s] [å†…å­˜æ¶ˆè€—ï¼š2,921.26kb] [æ–‡ä»¶åŠ è½½ï¼š73]
[ info ] [ LANG ] /Applications/MAMP/htdocs/cms/thinkphp/lang/zh-cn.php
[ info ] [ ROUTE ] array (
  'type' => 'module',
  'module' => 
  array (
    0 => 'install',
    1 => 'index',
    2 => 'step2',
  ),
)
[ info ] [ HEADER ] array (
  'host' => 'localhost',
  'user-agent' => 'Mozilla/5.0 (Macintosh; Intel Mac OS X 10.14; rv:66.0) Gecko/20100101 Firefox/66.0',
  'accept' => 'text/html,application/xhtml+xml,application/xml;q=0.9,*/*;q=0.8',
  'accept-language' => 'zh-CN,zh;q=0.8,zh-TW;q=0.7,zh-HK;q=0.5,en-US;q=0.3,en;q=0.2',
  'accept-encoding' => 'gzip, deflate',
  'referer' => 'http://localhost/cms/public/index.php/install/index/step2.html',
  'content-type' => 'application/x-www-form-urlencoded',
  'content-length' => '292',
  'connection' => 'keep-alive',
  'cookie' => 'pgv_pvi=4010070016; PHPSESSID=c5ec6cc4f52695136ee8ae8ec9bf65a5',
  'upgrade-insecure-requests' => '1',
)
[ info ] [ PARAM ] array (
  'submitform' => 'submit',
  'install_recover' => '',
  'db' => 
  array (
    'hostname' => 'localhost',
    'type' => 'mysql',
    'database' => 'test2',
    'username' => 'admin',
    'password' => 'admin',
    'prefix' => 'tp_',
    'hostport' => '3306',
  ),
  'admin' => 
  array (
    'site_name' => 'aaaa',
    'admin' => 'admin',
    'password' => 'admin',
    'rpassword' => 'admin',
  ),
)
[ info ] [ RUN ] app\install\controller\Index->step2[ /Applications/MAMP/htdocs/cms/application/install/controller/Index.php ]
[ info ] [ SESSION ] INIT array (
  'id' => '',
  'var_session_id' => '',
  'prefix' => 'think',
  'type' => '',
  'auto_start' => true,
)
[ info ] [ DB ] INIT mysql
[ info ] [ VIEW ] /Applications/MAMP/htdocs/cms/thinkphp/tpl/dispatch_jump.tpl [ array (
  0 => 'code',
  1 => 'msg',
  2 => 'data',
  3 => 'url',
  4 => 'wait',
) ]
[ info ] [ LOG ] INIT File
[ sql ] [ DB ] CONNECT:[ UseTime:0.001044s ] mysql:host=127.0.0.1;dbname=cms;charset=utf8
[ sql ] [ SQL ] CREATE DATABASE IF NOT EXISTS test2 DEFAULT CHARACTER SET utf8 [ RunTime:0.001195s ]
---------------------------------------------------------------
[ 2019-04-29T21:12:52+08:00 ] 0.0.0.0 GET /cms/public/index.php/install/index/step3/access/success.html
[ info ] localhost/cms/public/index.php/install/index/step3/access/success.html [è¿è¡Œæ—¶é—´ï¼š0.031751s][åžåçŽ‡ï¼š31.50req/s] [å†…å­˜æ¶ˆè€—ï¼š2,167.66kb] [æ–‡ä»¶åŠ è½½ï¼š64]
[ info ] [ LANG ] /Applications/MAMP/htdocs/cms/thinkphp/lang/zh-cn.php
[ info ] [ ROUTE ] array (
  'type' => 'module',
  'module' => 
  array (
    0 => 'install',
    1 => 'index',
    2 => 'step3',
  ),
)
[ info ] [ HEADER ] array (
  'host' => 'localhost',
  'user-agent' => 'Mozilla/5.0 (Macintosh; Intel Mac OS X 10.14; rv:66.0) Gecko/20100101 Firefox/66.0',
  'accept' => 'text/html,application/xhtml+xml,application/xml;q=0.9,*/*;q=0.8',
  'accept-language' => 'zh-CN,zh;q=0.8,zh-TW;q=0.7,zh-HK;q=0.5,en-US;q=0.3,en;q=0.2',
  'accept-encoding' => 'gzip, deflate',
  'referer' => 'http://localhost/cms/public/index.php/install/index/step2.html',
  'connection' => 'keep-alive',
  'cookie' => 'pgv_pvi=4010070016; PHPSESSID=c5ec6cc4f52695136ee8ae8ec9bf65a5',
  'upgrade-insecure-requests' => '1',
)
[ info ] [ PARAM ] array (
  'access' => 'success',
)
[ info ] [ RUN ] app\install\controller\Index->step3[ /Applications/MAMP/htdocs/cms/application/install/controller/Index.php ]
[ info ] [ SESSION ] INIT array (
  'id' => '',
  'var_session_id' => '',
  'prefix' => 'think',
  'type' => '',
  'auto_start' => true,
)
[ info ] [ VIEW ] /Applications/MAMP/htdocs/cms/public/../application/install/view/index/step3.htm [ array (
) ]
[ info ] [ LOG ] INIT File
---------------------------------------------------------------
[ 2019-04-29T22:03:51+08:00 ] 0.0.0.0 GET /cms/public/index.php/install/index/step2.html
[ info ] localhost/cms/public/index.php/install/index/step2.html [è¿è¡Œæ—¶é—´ï¼š0.034909s][åžåçŽ‡ï¼š28.65req/s] [å†…å­˜æ¶ˆè€—ï¼š2,234.60kb] [æ–‡ä»¶åŠ è½½ï¼š66]
[ info ] [ LANG ] /Applications/MAMP/htdocs/cms/thinkphp/lang/zh-cn.php
[ info ] [ ROUTE ] array (
  'type' => 'module',
  'module' => 
  array (
    0 => 'install',
    1 => 'index',
    2 => 'step2',
  ),
)
[ info ] [ HEADER ] array (
  'host' => 'localhost',
  'user-agent' => 'Mozilla/5.0 (Macintosh; Intel Mac OS X 10.14; rv:66.0) Gecko/20100101 Firefox/66.0',
  'accept' => 'text/html,application/xhtml+xml,application/xml;q=0.9,*/*;q=0.8',
  'accept-language' => 'zh-CN,zh;q=0.8,zh-TW;q=0.7,zh-HK;q=0.5,en-US;q=0.3,en;q=0.2',
  'accept-encoding' => 'gzip, deflate',
  'referer' => 'http://localhost/cms/public/index.php/install/index/step1.html',
  'connection' => 'keep-alive',
  'cookie' => 'pgv_pvi=4010070016; PHPSESSID=c5ec6cc4f52695136ee8ae8ec9bf65a5',
  'upgrade-insecure-requests' => '1',
)
[ info ] [ PARAM ] array (
)
[ info ] [ RUN ] app\install\controller\Index->step2[ /Applications/MAMP/htdocs/cms/application/install/controller/Index.php ]
[ info ] [ SESSION ] INIT array (
  'id' => '',
  'var_session_id' => '',
  'prefix' => 'think',
  'type' => '',
  'auto_start' => true,
)
[ info ] [ LOG ] INIT File
---------------------------------------------------------------
[ 2019-04-29T22:03:51+08:00 ] 0.0.0.0 GET /cms/public/index.php/install/index/step1.html
[ info ] localhost/cms/public/index.php/install/index/step1.html [è¿è¡Œæ—¶é—´ï¼š0.035172s][åžåçŽ‡ï¼š28.43req/s] [å†…å­˜æ¶ˆè€—ï¼š2,234.60kb] [æ–‡ä»¶åŠ è½½ï¼š66]
[ info ] [ LANG ] /Applications/MAMP/htdocs/cms/thinkphp/lang/zh-cn.php
[ info ] [ ROUTE ] array (
  'type' => 'module',
  'module' => 
  array (
    0 => 'install',
    1 => 'index',
    2 => 'step1',
  ),
)
[ info ] [ HEADER ] array (
  'host' => 'localhost',
  'user-agent' => 'Mozilla/5.0 (Macintosh; Intel Mac OS X 10.14; rv:66.0) Gecko/20100101 Firefox/66.0',
  'accept' => 'text/html,application/xhtml+xml,application/xml;q=0.9,*/*;q=0.8',
  'accept-language' => 'zh-CN,zh;q=0.8,zh-TW;q=0.7,zh-HK;q=0.5,en-US;q=0.3,en;q=0.2',
  'accept-encoding' => 'gzip, deflate',
  'referer' => 'http://localhost/cms/public/index.php/install/index/step1.html',
  'connection' => 'keep-alive',
  'cookie' => 'pgv_pvi=4010070016; PHPSESSID=c5ec6cc4f52695136ee8ae8ec9bf65a5',
  'upgrade-insecure-requests' => '1',
)
[ info ] [ PARAM ] array (
)
[ info ] [ RUN ] app\install\controller\Index->step1[ /Applications/MAMP/htdocs/cms/application/install/controller/Index.php ]
[ info ] [ SESSION ] INIT array (
  'id' => '',
  'var_session_id' => '',
  'prefix' => 'think',
  'type' => '',
  'auto_start' => true,
)
[ info ] [ LOG ] INIT File
---------------------------------------------------------------
[ 2019-04-29T22:03:51+08:00 ] 0.0.0.0 GET /cms/public/index.php/install/index/index.html
[ info ] localhost/cms/public/index.php/install/index/index.html [è¿è¡Œæ—¶é—´ï¼š0.032825s][åžåçŽ‡ï¼š30.46req/s] [å†…å­˜æ¶ˆè€—ï¼š2,240.52kb] [æ–‡ä»¶åŠ è½½ï¼š66]
[ info ] [ LANG ] /Applications/MAMP/htdocs/cms/thinkphp/lang/zh-cn.php
[ info ] [ ROUTE ] array (
  'type' => 'module',
  'module' => 
  array (
    0 => 'install',
    1 => 'index',
    2 => 'index',
  ),
)
[ info ] [ HEADER ] array (
  'host' => 'localhost',
  'user-agent' => 'Mozilla/5.0 (Macintosh; Intel Mac OS X 10.14; rv:66.0) Gecko/20100101 Firefox/66.0',
  'accept' => 'text/html,application/xhtml+xml,application/xml;q=0.9,*/*;q=0.8',
  'accept-language' => 'zh-CN,zh;q=0.8,zh-TW;q=0.7,zh-HK;q=0.5,en-US;q=0.3,en;q=0.2',
  'accept-encoding' => 'gzip, deflate',
  'referer' => 'http://localhost/cms/public/index.php/install/index/step1.html',
  'connection' => 'keep-alive',
  'cookie' => 'pgv_pvi=4010070016; PHPSESSID=c5ec6cc4f52695136ee8ae8ec9bf65a5',
  'upgrade-insecure-requests' => '1',
)
[ info ] [ PARAM ] array (
)
[ info ] [ RUN ] app\install\controller\Index->index[ /Applications/MAMP/htdocs/cms/application/install/controller/Index.php ]
[ info ] [ SESSION ] INIT array (
  'id' => '',
  'var_session_id' => '',
  'prefix' => 'think',
  'type' => '',
  'auto_start' => true,
)
[ info ] [ VIEW ] /Applications/MAMP/htdocs/cms/public/../application/install/view/index/index.htm [ array (
) ]
[ info ] [ LOG ] INIT File
---------------------------------------------------------------
[ 2019-04-29T22:03:52+08:00 ] 0.0.0.0 GET /cms/public/index.php/install/index/index.html
[ info ] localhost/cms/public/index.php/install/index/index.html [è¿è¡Œæ—¶é—´ï¼š0.034739s][åžåçŽ‡ï¼š28.79req/s] [å†…å­˜æ¶ˆè€—ï¼š2,240.52kb] [æ–‡ä»¶åŠ è½½ï¼š66]
[ info ] [ LANG ] /Applications/MAMP/htdocs/cms/thinkphp/lang/zh-cn.php
[ info ] [ ROUTE ] array (
  'type' => 'module',
  'module' => 
  array (
    0 => 'install',
    1 => 'index',
    2 => 'index',
  ),
)
[ info ] [ HEADER ] array (
  'host' => 'localhost',
  'user-agent' => 'Mozilla/5.0 (Macintosh; Intel Mac OS X 10.14; rv:66.0) Gecko/20100101 Firefox/66.0',
  'accept' => 'text/html,application/xhtml+xml,application/xml;q=0.9,*/*;q=0.8',
  'accept-language' => 'zh-CN,zh;q=0.8,zh-TW;q=0.7,zh-HK;q=0.5,en-US;q=0.3,en;q=0.2',
  'accept-encoding' => 'gzip, deflate',
  'referer' => 'http://localhost/cms/public/index.php/install/index/index.html',
  'connection' => 'keep-alive',
  'cookie' => 'pgv_pvi=4010070016; PHPSESSID=c5ec6cc4f52695136ee8ae8ec9bf65a5',
  'upgrade-insecure-requests' => '1',
)
[ info ] [ PARAM ] array (
)
[ info ] [ RUN ] app\install\controller\Index->index[ /Applications/MAMP/htdocs/cms/application/install/controller/Index.php ]
[ info ] [ SESSION ] INIT array (
  'id' => '',
  'var_session_id' => '',
  'prefix' => 'think',
  'type' => '',
  'auto_start' => true,
)
[ info ] [ VIEW ] /Applications/MAMP/htdocs/cms/public/../application/install/view/index/index.htm [ array (
) ]
[ info ] [ LOG ] INIT File
---------------------------------------------------------------
[ 2019-04-29T22:03:53+08:00 ] 0.0.0.0 GET /cms/public/index.php/install/index/index.html
[ info ] localhost/cms/public/index.php/install/index/index.html [è¿è¡Œæ—¶é—´ï¼š0.033265s][åžåçŽ‡ï¼š30.06req/s] [å†…å­˜æ¶ˆè€—ï¼š2,241.39kb] [æ–‡ä»¶åŠ è½½ï¼š66]
[ info ] [ LANG ] /Applications/MAMP/htdocs/cms/thinkphp/lang/zh-cn.php
[ info ] [ ROUTE ] array (
  'type' => 'module',
  'module' => 
  array (
    0 => 'install',
    1 => 'index',
    2 => 'index',
  ),
)
[ info ] [ HEADER ] array (
  'host' => 'localhost',
  'user-agent' => 'Mozilla/5.0 (Macintosh; Intel Mac OS X 10.14; rv:66.0) Gecko/20100101 Firefox/66.0',
  'accept' => 'text/html,application/xhtml+xml,application/xml;q=0.9,*/*;q=0.8',
  'accept-language' => 'zh-CN,zh;q=0.8,zh-TW;q=0.7,zh-HK;q=0.5,en-US;q=0.3,en;q=0.2',
  'accept-encoding' => 'gzip, deflate',
  'referer' => 'http://localhost/cms/public/index.php/install/index/index.html',
  'connection' => 'keep-alive',
  'cookie' => 'pgv_pvi=4010070016; PHPSESSID=c5ec6cc4f52695136ee8ae8ec9bf65a5',
  'upgrade-insecure-requests' => '1',
  'cache-control' => 'max-age=0',
)
[ info ] [ PARAM ] array (
)
[ info ] [ RUN ] app\install\controller\Index->index[ /Applications/MAMP/htdocs/cms/application/install/controller/Index.php ]
[ info ] [ SESSION ] INIT array (
  'id' => '',
  'var_session_id' => '',
  'prefix' => 'think',
  'type' => '',
  'auto_start' => true,
)
[ info ] [ VIEW ] /Applications/MAMP/htdocs/cms/public/../application/install/view/index/index.htm [ array (
) ]
[ info ] [ LOG ] INIT File
---------------------------------------------------------------
[ 2019-04-29T22:04:35+08:00 ] 0.0.0.0 GET /cms/public/index.php/install/index/step1.html
[ info ] localhost/cms/public/index.php/install/index/step1.html [è¿è¡Œæ—¶é—´ï¼š0.052780s][åžåçŽ‡ï¼š18.95req/s] [å†…å­˜æ¶ˆè€—ï¼š2,240.18kb] [æ–‡ä»¶åŠ è½½ï¼š66]
[ info ] [ LANG ] /Applications/MAMP/htdocs/cms/thinkphp/lang/zh-cn.php
[ info ] [ ROUTE ] array (
  'type' => 'module',
  'module' => 
  array (
    0 => 'install',
    1 => 'index',
    2 => 'step1',
  ),
)
[ info ] [ HEADER ] array (
  'host' => 'localhost',
  'user-agent' => 'Mozilla/5.0 (Macintosh; Intel Mac OS X 10.14; rv:66.0) Gecko/20100101 Firefox/66.0',
  'accept' => 'text/html,application/xhtml+xml,application/xml;q=0.9,*/*;q=0.8',
  'accept-language' => 'zh-CN,zh;q=0.8,zh-TW;q=0.7,zh-HK;q=0.5,en-US;q=0.3,en;q=0.2',
  'accept-encoding' => 'gzip, deflate',
  'referer' => 'http://localhost/cms/public/index.php/install/index/index.html',
  'connection' => 'keep-alive',
  'cookie' => 'pgv_pvi=4010070016; PHPSESSID=c5ec6cc4f52695136ee8ae8ec9bf65a5',
  'upgrade-insecure-requests' => '1',
)
[ info ] [ PARAM ] array (
)
[ info ] [ RUN ] app\install\controller\Index->step1[ /Applications/MAMP/htdocs/cms/application/install/controller/Index.php ]
[ info ] [ SESSION ] INIT array (
  'id' => '',
  'var_session_id' => '',
  'prefix' => 'think',
  'type' => '',
  'auto_start' => true,
)
[ info ] [ VIEW ] /Applications/MAMP/htdocs/cms/public/../application/install/view/index/step1.htm [ array (
  0 => 'envArr',
  1 => 'funArr',
  2 => 'dirFileArr',
) ]
[ info ] [ LOG ] INIT File
---------------------------------------------------------------
[ 2019-04-29T22:04:37+08:00 ] 0.0.0.0 GET /cms/public/index.php/install/index/step2.html
[ info ] localhost/cms/public/index.php/install/index/step2.html [è¿è¡Œæ—¶é—´ï¼š0.036154s][åžåçŽ‡ï¼š27.66req/s] [å†…å­˜æ¶ˆè€—ï¼š2,187.71kb] [æ–‡ä»¶åŠ è½½ï¼š65]
[ info ] [ LANG ] /Applications/MAMP/htdocs/cms/thinkphp/lang/zh-cn.php
[ info ] [ ROUTE ] array (
  'type' => 'module',
  'module' => 
  array (
    0 => 'install',
    1 => 'index',
    2 => 'step2',
  ),
)
[ info ] [ HEADER ] array (
  'host' => 'localhost',
  'user-agent' => 'Mozilla/5.0 (Macintosh; Intel Mac OS X 10.14; rv:66.0) Gecko/20100101 Firefox/66.0',
  'accept' => 'text/html,application/xhtml+xml,application/xml;q=0.9,*/*;q=0.8',
  'accept-language' => 'zh-CN,zh;q=0.8,zh-TW;q=0.7,zh-HK;q=0.5,en-US;q=0.3,en;q=0.2',
  'accept-encoding' => 'gzip, deflate',
  'referer' => 'http://localhost/cms/public/index.php/install/index/step1.html',
  'connection' => 'keep-alive',
  'cookie' => 'pgv_pvi=4010070016; PHPSESSID=c5ec6cc4f52695136ee8ae8ec9bf65a5',
  'upgrade-insecure-requests' => '1',
)
[ info ] [ PARAM ] array (
)
[ info ] [ RUN ] app\install\controller\Index->step2[ /Applications/MAMP/htdocs/cms/application/install/controller/Index.php ]
[ info ] [ SESSION ] INIT array (
  'id' => '',
  'var_session_id' => '',
  'prefix' => 'think',
  'type' => '',
  'auto_start' => true,
)
[ info ] [ VIEW ] /Applications/MAMP/htdocs/cms/public/../application/install/view/index/step2.htm [ array (
) ]
[ info ] [ LOG ] INIT File
---------------------------------------------------------------
[ 2019-04-29T22:05:22+08:00 ] 0.0.0.0 POST /cms/public/index.php/install/index/step2.html
[ info ] localhost/cms/public/index.php/install/index/step2.html [è¿è¡Œæ—¶é—´ï¼š0.051556s][åžåçŽ‡ï¼š19.40req/s] [å†…å­˜æ¶ˆè€—ï¼š2,924.38kb] [æ–‡ä»¶åŠ è½½ï¼š73]
[ info ] [ LANG ] /Applications/MAMP/htdocs/cms/thinkphp/lang/zh-cn.php
[ info ] [ ROUTE ] array (
  'type' => 'module',
  'module' => 
  array (
    0 => 'install',
    1 => 'index',
    2 => 'step2',
  ),
)
[ info ] [ HEADER ] array (
  'host' => 'localhost',
  'user-agent' => 'Mozilla/5.0 (Macintosh; Intel Mac OS X 10.14; rv:66.0) Gecko/20100101 Firefox/66.0',
  'accept' => 'text/html,application/xhtml+xml,application/xml;q=0.9,*/*;q=0.8',
  'accept-language' => 'zh-CN,zh;q=0.8,zh-TW;q=0.7,zh-HK;q=0.5,en-US;q=0.3,en;q=0.2',
  'accept-encoding' => 'gzip, deflate',
  'referer' => 'http://localhost/cms/public/index.php/install/index/step2.html',
  'content-type' => 'application/x-www-form-urlencoded',
  'content-length' => '318',
  'connection' => 'keep-alive',
  'cookie' => 'pgv_pvi=4010070016; PHPSESSID=c5ec6cc4f52695136ee8ae8ec9bf65a5',
  'upgrade-insecure-requests' => '1',
)
[ info ] [ PARAM ] array (
  'submitform' => 'submit',
  'install_recover' => '',
  'db' => 
  array (
    'hostname' => 'localhost',
    'type' => 'mysql',
    'database' => 'test3',
    'username' => 'admin',
    'password' => 'admin',
    'prefix' => 'ko_',
    'hostport' => '3306',
  ),
  'admin' => 
  array (
    'site_name' => 'ðŸ¥¥å¶å­',
    'admin' => 'admin',
    'password' => 'admin',
    'rpassword' => 'admin',
  ),
)
[ info ] [ RUN ] app\install\controller\Index->step2[ /Applications/MAMP/htdocs/cms/application/install/controller/Index.php ]
[ info ] [ SESSION ] INIT array (
  'id' => '',
  'var_session_id' => '',
  'prefix' => 'think',
  'type' => '',
  'auto_start' => true,
)
[ info ] [ DB ] INIT mysql
[ info ] [ VIEW ] /Applications/MAMP/htdocs/cms/thinkphp/tpl/dispatch_jump.tpl [ array (
  0 => 'code',
  1 => 'msg',
  2 => 'data',
  3 => 'url',
  4 => 'wait',
) ]
[ info ] [ LOG ] INIT File
[ sql ] [ DB ] CONNECT:[ UseTime:0.000648s ] mysql:host=127.0.0.1;dbname=cms;charset=utf8
[ sql ] [ SQL ] CREATE DATABASE IF NOT EXISTS test3 DEFAULT CHARACTER SET utf8 [ RunTime:0.001557s ]
---------------------------------------------------------------
[ 2019-04-29T22:05:25+08:00 ] 0.0.0.0 GET /cms/public/index.php/install/index/step3/access/success.html
[ info ] localhost/cms/public/index.php/install/index/step3/access/success.html [è¿è¡Œæ—¶é—´ï¼š0.043603s][åžåçŽ‡ï¼š22.93req/s] [å†…å­˜æ¶ˆè€—ï¼š2,340.98kb] [æ–‡ä»¶åŠ è½½ï¼š69]
[ info ] [ LANG ] /Applications/MAMP/htdocs/cms/thinkphp/lang/zh-cn.php
[ info ] [ ROUTE ] array (
  'type' => 'module',
  'module' => 
  array (
    0 => 'install',
    1 => 'index',
    2 => 'step3',
  ),
)
[ info ] [ HEADER ] array (
  'host' => 'localhost',
  'user-agent' => 'Mozilla/5.0 (Macintosh; Intel Mac OS X 10.14; rv:66.0) Gecko/20100101 Firefox/66.0',
  'accept' => 'text/html,application/xhtml+xml,application/xml;q=0.9,*/*;q=0.8',
  'accept-language' => 'zh-CN,zh;q=0.8,zh-TW;q=0.7,zh-HK;q=0.5,en-US;q=0.3,en;q=0.2',
  'accept-encoding' => 'gzip, deflate',
  'referer' => 'http://localhost/cms/public/index.php/install/index/step2.html',
  'connection' => 'keep-alive',
  'cookie' => 'pgv_pvi=4010070016; PHPSESSID=c5ec6cc4f52695136ee8ae8ec9bf65a5',
  'upgrade-insecure-requests' => '1',
)
[ info ] [ PARAM ] array (
  'access' => 'success',
)
[ info ] [ RUN ] app\install\controller\Index->step3[ /Applications/MAMP/htdocs/cms/application/install/controller/Index.php ]
[ info ] [ SESSION ] INIT array (
  'id' => '',
  'var_session_id' => '',
  'prefix' => 'think',
  'type' => '',
  'auto_start' => true,
)
[ info ] [ VIEW ] /Applications/MAMP/htdocs/cms/public/../application/install/view/index/step3.htm [ array (
) ]
[ info ] [ DB ] INIT mysql
[ info ] [ LOG ] INIT File
[ error ] [1045]SQLSTATE[HY000] [1045] Access denied for user 'admin'@'localhost' (using password: YES)[/Applications/MAMP/htdocs/cms/thinkphp/library/think/db/Connection.php:293]
---------------------------------------------------------------
[ 2019-04-29T22:06:05+08:00 ] 0.0.0.0 GET /cms/public/index.php/install/index/step2.html
[ info ] localhost/cms/public/index.php/install/index/step2.html [è¿è¡Œæ—¶é—´ï¼š0.034104s][åžåçŽ‡ï¼š29.32req/s] [å†…å­˜æ¶ˆè€—ï¼š2,234.60kb] [æ–‡ä»¶åŠ è½½ï¼š66]
[ info ] [ LANG ] /Applications/MAMP/htdocs/cms/thinkphp/lang/zh-cn.php
[ info ] [ ROUTE ] array (
  'type' => 'module',
  'module' => 
  array (
    0 => 'install',
    1 => 'index',
    2 => 'step2',
  ),
)
[ info ] [ HEADER ] array (
  'host' => 'localhost',
  'user-agent' => 'Mozilla/5.0 (Macintosh; Intel Mac OS X 10.14; rv:66.0) Gecko/20100101 Firefox/66.0',
  'accept' => 'text/html,application/xhtml+xml,application/xml;q=0.9,*/*;q=0.8',
  'accept-language' => 'zh-CN,zh;q=0.8,zh-TW;q=0.7,zh-HK;q=0.5,en-US;q=0.3,en;q=0.2',
  'accept-encoding' => 'gzip, deflate',
  'referer' => 'http://localhost/cms/public/index.php/install/index/step1.html',
  'connection' => 'keep-alive',
  'cookie' => 'pgv_pvi=4010070016; PHPSESSID=c5ec6cc4f52695136ee8ae8ec9bf65a5',
  'upgrade-insecure-requests' => '1',
)
[ info ] [ PARAM ] array (
)
[ info ] [ RUN ] app\install\controller\Index->step2[ /Applications/MAMP/htdocs/cms/application/install/controller/Index.php ]
[ info ] [ SESSION ] INIT array (
  'id' => '',
  'var_session_id' => '',
  'prefix' => 'think',
  'type' => '',
  'auto_start' => true,
)
[ info ] [ LOG ] INIT File
---------------------------------------------------------------
[ 2019-04-29T22:06:05+08:00 ] 0.0.0.0 GET /cms/public/index.php/install/index/step1.html
[ info ] localhost/cms/public/index.php/install/index/step1.html [è¿è¡Œæ—¶é—´ï¼š0.034708s][åžåçŽ‡ï¼š28.81req/s] [å†…å­˜æ¶ˆè€—ï¼š2,234.60kb] [æ–‡ä»¶åŠ è½½ï¼š66]
[ info ] [ LANG ] /Applications/MAMP/htdocs/cms/thinkphp/lang/zh-cn.php
[ info ] [ ROUTE ] array (
  'type' => 'module',
  'module' => 
  array (
    0 => 'install',
    1 => 'index',
    2 => 'step1',
  ),
)
[ info ] [ HEADER ] array (
  'host' => 'localhost',
  'user-agent' => 'Mozilla/5.0 (Macintosh; Intel Mac OS X 10.14; rv:66.0) Gecko/20100101 Firefox/66.0',
  'accept' => 'text/html,application/xhtml+xml,application/xml;q=0.9,*/*;q=0.8',
  'accept-language' => 'zh-CN,zh;q=0.8,zh-TW;q=0.7,zh-HK;q=0.5,en-US;q=0.3,en;q=0.2',
  'accept-encoding' => 'gzip, deflate',
  'referer' => 'http://localhost/cms/public/index.php/install/index/step1.html',
  'connection' => 'keep-alive',
  'cookie' => 'pgv_pvi=4010070016; PHPSESSID=c5ec6cc4f52695136ee8ae8ec9bf65a5',
  'upgrade-insecure-requests' => '1',
)
[ info ] [ PARAM ] array (
)
[ info ] [ RUN ] app\install\controller\Index->step1[ /Applications/MAMP/htdocs/cms/application/install/controller/Index.php ]
[ info ] [ SESSION ] INIT array (
  'id' => '',
  'var_session_id' => '',
  'prefix' => 'think',
  'type' => '',
  'auto_start' => true,
)
[ info ] [ LOG ] INIT File
---------------------------------------------------------------
[ 2019-04-29T22:06:05+08:00 ] 0.0.0.0 GET /cms/public/index.php/install/index/index.html
[ info ] localhost/cms/public/index.php/install/index/index.html [è¿è¡Œæ—¶é—´ï¼š0.035648s][åžåçŽ‡ï¼š28.05req/s] [å†…å­˜æ¶ˆè€—ï¼š2,240.52kb] [æ–‡ä»¶åŠ è½½ï¼š66]
[ info ] [ LANG ] /Applications/MAMP/htdocs/cms/thinkphp/lang/zh-cn.php
[ info ] [ ROUTE ] array (
  'type' => 'module',
  'module' => 
  array (
    0 => 'install',
    1 => 'index',
    2 => 'index',
  ),
)
[ info ] [ HEADER ] array (
  'host' => 'localhost',
  'user-agent' => 'Mozilla/5.0 (Macintosh; Intel Mac OS X 10.14; rv:66.0) Gecko/20100101 Firefox/66.0',
  'accept' => 'text/html,application/xhtml+xml,application/xml;q=0.9,*/*;q=0.8',
  'accept-language' => 'zh-CN,zh;q=0.8,zh-TW;q=0.7,zh-HK;q=0.5,en-US;q=0.3,en;q=0.2',
  'accept-encoding' => 'gzip, deflate',
  'referer' => 'http://localhost/cms/public/index.php/install/index/step1.html',
  'connection' => 'keep-alive',
  'cookie' => 'pgv_pvi=4010070016; PHPSESSID=c5ec6cc4f52695136ee8ae8ec9bf65a5',
  'upgrade-insecure-requests' => '1',
)
[ info ] [ PARAM ] array (
)
[ info ] [ RUN ] app\install\controller\Index->index[ /Applications/MAMP/htdocs/cms/application/install/controller/Index.php ]
[ info ] [ SESSION ] INIT array (
  'id' => '',
  'var_session_id' => '',
  'prefix' => 'think',
  'type' => '',
  'auto_start' => true,
)
[ info ] [ VIEW ] /Applications/MAMP/htdocs/cms/public/../application/install/view/index/index.htm [ array (
) ]
[ info ] [ LOG ] INIT File
---------------------------------------------------------------
[ 2019-04-29T22:06:06+08:00 ] 0.0.0.0 GET /cms/public/index.php/install/index/step1.html
[ info ] localhost/cms/public/index.php/install/index/step1.html [è¿è¡Œæ—¶é—´ï¼š0.037711s][åžåçŽ‡ï¼š26.52req/s] [å†…å­˜æ¶ˆè€—ï¼š2,240.18kb] [æ–‡ä»¶åŠ è½½ï¼š66]
[ info ] [ LANG ] /Applications/MAMP/htdocs/cms/thinkphp/lang/zh-cn.php
[ info ] [ ROUTE ] array (
  'type' => 'module',
  'module' => 
  array (
    0 => 'install',
    1 => 'index',
    2 => 'step1',
  ),
)
[ info ] [ HEADER ] array (
  'host' => 'localhost',
  'user-agent' => 'Mozilla/5.0 (Macintosh; Intel Mac OS X 10.14; rv:66.0) Gecko/20100101 Firefox/66.0',
  'accept' => 'text/html,application/xhtml+xml,application/xml;q=0.9,*/*;q=0.8',
  'accept-language' => 'zh-CN,zh;q=0.8,zh-TW;q=0.7,zh-HK;q=0.5,en-US;q=0.3,en;q=0.2',
  'accept-encoding' => 'gzip, deflate',
  'referer' => 'http://localhost/cms/public/index.php/install/index/index.html',
  'connection' => 'keep-alive',
  'cookie' => 'pgv_pvi=4010070016; PHPSESSID=c5ec6cc4f52695136ee8ae8ec9bf65a5',
  'upgrade-insecure-requests' => '1',
)
[ info ] [ PARAM ] array (
)
[ info ] [ RUN ] app\install\controller\Index->step1[ /Applications/MAMP/htdocs/cms/application/install/controller/Index.php ]
[ info ] [ SESSION ] INIT array (
  'id' => '',
  'var_session_id' => '',
  'prefix' => 'think',
  'type' => '',
  'auto_start' => true,
)
[ info ] [ VIEW ] /Applications/MAMP/htdocs/cms/public/../application/install/view/index/step1.htm [ array (
  0 => 'envArr',
  1 => 'funArr',
  2 => 'dirFileArr',
) ]
[ info ] [ LOG ] INIT File
---------------------------------------------------------------
[ 2019-04-29T22:06:08+08:00 ] 0.0.0.0 GET /cms/public/index.php/install/index/step2.html
[ info ] localhost/cms/public/index.php/install/index/step2.html [è¿è¡Œæ—¶é—´ï¼š0.035423s][åžåçŽ‡ï¼š28.23req/s] [å†…å­˜æ¶ˆè€—ï¼š2,187.71kb] [æ–‡ä»¶åŠ è½½ï¼š65]
[ info ] [ LANG ] /Applications/MAMP/htdocs/cms/thinkphp/lang/zh-cn.php
[ info ] [ ROUTE ] array (
  'type' => 'module',
  'module' => 
  array (
    0 => 'install',
    1 => 'index',
    2 => 'step2',
  ),
)
[ info ] [ HEADER ] array (
  'host' => 'localhost',
  'user-agent' => 'Mozilla/5.0 (Macintosh; Intel Mac OS X 10.14; rv:66.0) Gecko/20100101 Firefox/66.0',
  'accept' => 'text/html,application/xhtml+xml,application/xml;q=0.9,*/*;q=0.8',
  'accept-language' => 'zh-CN,zh;q=0.8,zh-TW;q=0.7,zh-HK;q=0.5,en-US;q=0.3,en;q=0.2',
  'accept-encoding' => 'gzip, deflate',
  'referer' => 'http://localhost/cms/public/index.php/install/index/step1.html',
  'connection' => 'keep-alive',
  'cookie' => 'pgv_pvi=4010070016; PHPSESSID=c5ec6cc4f52695136ee8ae8ec9bf65a5',
  'upgrade-insecure-requests' => '1',
)
[ info ] [ PARAM ] array (
)
[ info ] [ RUN ] app\install\controller\Index->step2[ /Applications/MAMP/htdocs/cms/application/install/controller/Index.php ]
[ info ] [ SESSION ] INIT array (
  'id' => '',
  'var_session_id' => '',
  'prefix' => 'think',
  'type' => '',
  'auto_start' => true,
)
[ info ] [ VIEW ] /Applications/MAMP/htdocs/cms/public/../application/install/view/index/step2.htm [ array (
) ]
[ info ] [ LOG ] INIT File
---------------------------------------------------------------
[ 2019-04-29T22:06:27+08:00 ] 0.0.0.0 POST /cms/public/index.php/install/index/step2.html
[ info ] localhost/cms/public/index.php/install/index/step2.html [è¿è¡Œæ—¶é—´ï¼š0.057404s][åžåçŽ‡ï¼š17.42req/s] [å†…å­˜æ¶ˆè€—ï¼š2,924.32kb] [æ–‡ä»¶åŠ è½½ï¼š73]
[ info ] [ LANG ] /Applications/MAMP/htdocs/cms/thinkphp/lang/zh-cn.php
[ info ] [ ROUTE ] array (
  'type' => 'module',
  'module' => 
  array (
    0 => 'install',
    1 => 'index',
    2 => 'step2',
  ),
)
[ info ] [ HEADER ] array (
  'host' => 'localhost',
  'user-agent' => 'Mozilla/5.0 (Macintosh; Intel Mac OS X 10.14; rv:66.0) Gecko/20100101 Firefox/66.0',
  'accept' => 'text/html,application/xhtml+xml,application/xml;q=0.9,*/*;q=0.8',
  'accept-language' => 'zh-CN,zh;q=0.8,zh-TW;q=0.7,zh-HK;q=0.5,en-US;q=0.3,en;q=0.2',
  'accept-encoding' => 'gzip, deflate',
  'referer' => 'http://localhost/cms/public/index.php/install/index/step2.html',
  'content-type' => 'application/x-www-form-urlencoded',
  'content-length' => '304',
  'connection' => 'keep-alive',
  'cookie' => 'pgv_pvi=4010070016; PHPSESSID=c5ec6cc4f52695136ee8ae8ec9bf65a5',
  'upgrade-insecure-requests' => '1',
)
[ info ] [ PARAM ] array (
  'submitform' => 'submit',
  'install_recover' => '',
  'db' => 
  array (
    'hostname' => 'localhost',
    'type' => 'mysql',
    'database' => 'test4',
    'username' => 'root',
    'password' => 'root',
    'prefix' => 'ko_',
    'hostport' => '3306',
  ),
  'admin' => 
  array (
    'site_name' => 'å¶å­',
    'admin' => 'admin',
    'password' => 'admin',
    'rpassword' => 'admin',
  ),
)
[ info ] [ RUN ] app\install\controller\Index->step2[ /Applications/MAMP/htdocs/cms/application/install/controller/Index.php ]
[ info ] [ SESSION ] INIT array (
  'id' => '',
  'var_session_id' => '',
  'prefix' => 'think',
  'type' => '',
  'auto_start' => true,
)
[ info ] [ DB ] INIT mysql
[ info ] [ VIEW ] /Applications/MAMP/htdocs/cms/thinkphp/tpl/dispatch_jump.tpl [ array (
  0 => 'code',
  1 => 'msg',
  2 => 'data',
  3 => 'url',
  4 => 'wait',
) ]
[ info ] [ LOG ] INIT File
[ sql ] [ DB ] CONNECT:[ UseTime:0.000784s ] mysql:host=127.0.0.1;dbname=cms;charset=utf8
[ sql ] [ SQL ] CREATE DATABASE IF NOT EXISTS test4 DEFAULT CHARACTER SET utf8 [ RunTime:0.000745s ]
---------------------------------------------------------------
[ 2019-04-29T22:06:31+08:00 ] 0.0.0.0 GET /cms/public/index.php/install/index/step3/access/success.html
[ info ] localhost/cms/public/index.php/install/index/step3/access/success.html [è¿è¡Œæ—¶é—´ï¼š0.084265s][åžåçŽ‡ï¼š11.87req/s] [å†…å­˜æ¶ˆè€—ï¼š2,320.54kb] [æ–‡ä»¶åŠ è½½ï¼š67]
[ info ] [ LANG ] /Applications/MAMP/htdocs/cms/thinkphp/lang/zh-cn.php
[ info ] [ ROUTE ] array (
  'type' => 'module',
  'module' => 
  array (
    0 => 'install',
    1 => 'index',
    2 => 'step3',
  ),
)
[ info ] [ HEADER ] array (
  'host' => 'localhost',
  'user-agent' => 'Mozilla/5.0 (Macintosh; Intel Mac OS X 10.14; rv:66.0) Gecko/20100101 Firefox/66.0',
  'accept' => 'text/html,application/xhtml+xml,application/xml;q=0.9,*/*;q=0.8',
  'accept-language' => 'zh-CN,zh;q=0.8,zh-TW;q=0.7,zh-HK;q=0.5,en-US;q=0.3,en;q=0.2',
  'accept-encoding' => 'gzip, deflate',
  'referer' => 'http://localhost/cms/public/index.php/install/index/step2.html',
  'connection' => 'keep-alive',
  'cookie' => 'pgv_pvi=4010070016; PHPSESSID=c5ec6cc4f52695136ee8ae8ec9bf65a5',
  'upgrade-insecure-requests' => '1',
)
[ info ] [ PARAM ] array (
  'access' => 'success',
)
[ info ] [ RUN ] app\install\controller\Index->step3[ /Applications/MAMP/htdocs/cms/application/install/controller/Index.php ]
[ info ] [ SESSION ] INIT array (
  'id' => '',
  'var_session_id' => '',
  'prefix' => 'think',
  'type' => '',
  'auto_start' => true,
)
[ info ] [ VIEW ] /Applications/MAMP/htdocs/cms/public/../application/install/view/index/step3.htm [ array (
) ]
[ info ] [ DB ] INIT mysql
[ info ] [ LOG ] INIT File
---------------------------------------------------------------
[ 2019-04-29T22:06:37+08:00 ] 0.0.0.0 GET /cms/public/index.php/install/index/step3/access/success.html
[ info ] localhost/cms/public/index.php/install/index/step3/access/success.html [è¿è¡Œæ—¶é—´ï¼š0.036755s][åžåçŽ‡ï¼š27.21req/s] [å†…å­˜æ¶ˆè€—ï¼š2,235.55kb] [æ–‡ä»¶åŠ è½½ï¼š66]
[ info ] [ LANG ] /Applications/MAMP/htdocs/cms/thinkphp/lang/zh-cn.php
[ info ] [ ROUTE ] array (
  'type' => 'module',
  'module' => 
  array (
    0 => 'install',
    1 => 'index',
    2 => 'step3',
  ),
)
[ info ] [ HEADER ] array (
  'host' => 'localhost',
  'user-agent' => 'Mozilla/5.0 (Macintosh; Intel Mac OS X 10.14; rv:66.0) Gecko/20100101 Firefox/66.0',
  'accept' => 'text/html,application/xhtml+xml,application/xml;q=0.9,*/*;q=0.8',
  'accept-language' => 'zh-CN,zh;q=0.8,zh-TW;q=0.7,zh-HK;q=0.5,en-US;q=0.3,en;q=0.2',
  'accept-encoding' => 'gzip, deflate',
  'referer' => 'http://localhost/cms/public/index.php/install/index/step2.html',
  'connection' => 'keep-alive',
  'cookie' => 'pgv_pvi=4010070016; PHPSESSID=c5ec6cc4f52695136ee8ae8ec9bf65a5',
  'upgrade-insecure-requests' => '1',
)
[ info ] [ PARAM ] array (
  'access' => 'success',
)
[ info ] [ RUN ] app\install\controller\Index->step3[ /Applications/MAMP/htdocs/cms/application/install/controller/Index.php ]
[ info ] [ SESSION ] INIT array (
  'id' => '',
  'var_session_id' => '',
  'prefix' => 'think',
  'type' => '',
  'auto_start' => true,
)
[ info ] [ LOG ] INIT File
---------------------------------------------------------------
[ 2019-04-29T22:06:37+08:00 ] 0.0.0.0 GET /cms/public/index.php/install/index/index.html
[ info ] localhost/cms/public/index.php/install/index/index.html [è¿è¡Œæ—¶é—´ï¼š0.033606s][åžåçŽ‡ï¼š29.76req/s] [å†…å­˜æ¶ˆè€—ï¼š2,240.52kb] [æ–‡ä»¶åŠ è½½ï¼š66]
[ info ] [ LANG ] /Applications/MAMP/htdocs/cms/thinkphp/lang/zh-cn.php
[ info ] [ ROUTE ] array (
  'type' => 'module',
  'module' => 
  array (
    0 => 'install',
    1 => 'index',
    2 => 'index',
  ),
)
[ info ] [ HEADER ] array (
  'host' => 'localhost',
  'user-agent' => 'Mozilla/5.0 (Macintosh; Intel Mac OS X 10.14; rv:66.0) Gecko/20100101 Firefox/66.0',
  'accept' => 'text/html,application/xhtml+xml,application/xml;q=0.9,*/*;q=0.8',
  'accept-language' => 'zh-CN,zh;q=0.8,zh-TW;q=0.7,zh-HK;q=0.5,en-US;q=0.3,en;q=0.2',
  'accept-encoding' => 'gzip, deflate',
  'referer' => 'http://localhost/cms/public/index.php/install/index/step2.html',
  'connection' => 'keep-alive',
  'cookie' => 'pgv_pvi=4010070016; PHPSESSID=c5ec6cc4f52695136ee8ae8ec9bf65a5',
  'upgrade-insecure-requests' => '1',
)
[ info ] [ PARAM ] array (
)
[ info ] [ RUN ] app\install\controller\Index->index[ /Applications/MAMP/htdocs/cms/application/install/controller/Index.php ]
[ info ] [ SESSION ] INIT array (
  'id' => '',
  'var_session_id' => '',
  'prefix' => 'think',
  'type' => '',
  'auto_start' => true,
)
[ info ] [ VIEW ] /Applications/MAMP/htdocs/cms/public/../application/install/view/index/index.htm [ array (
) ]
[ info ] [ LOG ] INIT File
